[0.000000] (-) TimerEvent: {}
[0.000216] (ros_exercises) JobQueued: {'identifier': 'ros_exercises', 'dependencies': OrderedDict()}
[0.000474] (ros_exercises) JobStarted: {'identifier': 'ros_exercises'}
[0.100571] (-) TimerEvent: {}
[0.205610] (-) TimerEvent: {}
[0.306898] (-) TimerEvent: {}
[0.408949] (-) TimerEvent: {}
[0.466130] (ros_exercises) Command: {'cmd': ['/usr/bin/python3', 'setup.py', 'egg_info', '--egg-base', 'build/ros_exercises', 'build', '--build-base', '/home/racecar/racecar_ws/src/ros_exercises/build/ros_exercises/build', 'install', '--record', '/home/racecar/racecar_ws/src/ros_exercises/build/ros_exercises/install.log', '--install-scripts', '$base/lib/ros_exercises', '--single-version-externally-managed'], 'cwd': '/home/racecar/racecar_ws/src/ros_exercises', 'env': {'PYTHONIOENCODING': 'utf-8', 'HOSTNAME': '213d4e7881fe', 'SHLVL': '1', 'LD_LIBRARY_PATH': '/opt/ros/foxy/opt/yaml_cpp_vendor/lib:/opt/ros/foxy/opt/rviz_ogre_vendor/lib:/opt/ros/foxy/lib/aarch64-linux-gnu:/opt/ros/foxy/lib', 'HOME': '/home/racecar', 'OLDPWD': '/home/racecar/racecar_ws/src/ros_exercises/ros_exercises', 'ROS_PYTHON_VERSION': '3', 'COLCON_PREFIX_PATH': '/home/racecar/racecar_ws/src/ros_exercises/install:/home/sim_ws/install:/home/racecar/racecar_ws/install', 'ROS_DISTRO': 'foxy', '_': '/usr/bin/colcon', 'ROS_VERSION': '2', 'TERM': 'xterm', 'ROS_LOCALHOST_ONLY': '0', 'PATH': '/opt/ros/foxy/bin:/usr/local/sbin:/usr/local/bin:/usr/sbin:/usr/bin:/sbin:/bin', 'LANG': 'en_US.UTF-8', 'AMENT_PREFIX_PATH': '/home/racecar/racecar_ws/src/ros_exercises/install/ros_exercises:/home/sim_ws/install/racecar_simulator:/opt/ros/foxy', 'SIM_WS': '/home/sim_ws', 'PWD': '/home/racecar/racecar_ws/src/ros_exercises/build/ros_exercises', 'PYTHONPATH': '/home/racecar/racecar_ws/src/ros_exercises/build/ros_exercises/prefix_override:/home/racecar/racecar_ws/src/ros_exercises/install/ros_exercises/lib/python3.8/site-packages:/home/racecar/racecar_ws/src/ros_exercises/install/ros_exercises/lib/python3.8/site-packages:/opt/ros/foxy/lib/python3.8/site-packages', 'NO_VNC_VERSION': '1.4.0', 'COLCON': '1', 'CMAKE_PREFIX_PATH': '/home/racecar/racecar_ws/src/ros_exercises/install/ros_exercises:/home/sim_ws/install/racecar_simulator'}, 'shell': False}
[0.513199] (-) TimerEvent: {}
[0.558278] (ros_exercises) StdoutLine: {'line': b'running egg_info\n'}
[0.559063] (ros_exercises) StdoutLine: {'line': b'writing build/ros_exercises/ros_exercises.egg-info/PKG-INFO\n'}
[0.559709] (ros_exercises) StdoutLine: {'line': b'writing dependency_links to build/ros_exercises/ros_exercises.egg-info/dependency_links.txt\n'}
[0.560276] (ros_exercises) StdoutLine: {'line': b'writing entry points to build/ros_exercises/ros_exercises.egg-info/entry_points.txt\n'}
[0.560768] (ros_exercises) StdoutLine: {'line': b'writing requirements to build/ros_exercises/ros_exercises.egg-info/requires.txt\n'}
[0.561337] (ros_exercises) StdoutLine: {'line': b'writing top-level names to build/ros_exercises/ros_exercises.egg-info/top_level.txt\n'}
[0.579593] (ros_exercises) StdoutLine: {'line': b"reading manifest file 'build/ros_exercises/ros_exercises.egg-info/SOURCES.txt'\n"}
[0.580838] (ros_exercises) StdoutLine: {'line': b"writing manifest file 'build/ros_exercises/ros_exercises.egg-info/SOURCES.txt'\n"}
[0.581485] (ros_exercises) StdoutLine: {'line': b'running build\n'}
[0.582019] (ros_exercises) StdoutLine: {'line': b'running build_py\n'}
[0.582586] (ros_exercises) StdoutLine: {'line': b'running install\n'}
[0.583001] (ros_exercises) StdoutLine: {'line': b'running install_lib\n'}
[0.584477] (ros_exercises) StdoutLine: {'line': b'running install_data\n'}
[0.584987] (ros_exercises) StdoutLine: {'line': b'running install_egg_info\n'}
[0.585868] (ros_exercises) StdoutLine: {'line': b"removing '/home/racecar/racecar_ws/src/ros_exercises/install/ros_exercises/lib/python3.8/site-packages/ros_exercises-0.0.0-py3.8.egg-info' (and everything under it)\n"}
[0.587073] (ros_exercises) StdoutLine: {'line': b'Copying build/ros_exercises/ros_exercises.egg-info to /home/racecar/racecar_ws/src/ros_exercises/install/ros_exercises/lib/python3.8/site-packages/ros_exercises-0.0.0-py3.8.egg-info\n'}
[0.594205] (ros_exercises) StdoutLine: {'line': b'running install_scripts\n'}
[0.603496] (ros_exercises) StdoutLine: {'line': b'Installing talker script to /home/racecar/racecar_ws/src/ros_exercises/install/ros_exercises/lib/ros_exercises\n'}
[0.604544] (ros_exercises) StdoutLine: {'line': b"writing list of installed files to '/home/racecar/racecar_ws/src/ros_exercises/build/ros_exercises/install.log'\n"}
[0.613650] (-) TimerEvent: {}
[0.615378] (ros_exercises) CommandEnded: {'returncode': 0}
[0.671111] (ros_exercises) JobEnded: {'identifier': 'ros_exercises', 'rc': 0}
[0.672195] (-) EventReactorShutdown: {}
