[0.487s] Invoking command in '/home/racecar/racecar_ws/src/ros_exercises': PYTHONPATH=/home/racecar/racecar_ws/src/ros_exercises/build/ros_exercises/prefix_override:/home/racecar/racecar_ws/src/ros_exercises/install/ros_exercises/lib/python3.8/site-packages:${PYTHONPATH} /usr/bin/python3 setup.py egg_info --egg-base build/ros_exercises build --build-base /home/racecar/racecar_ws/src/ros_exercises/build/ros_exercises/build install --record /home/racecar/racecar_ws/src/ros_exercises/build/ros_exercises/install.log --install-scripts $base/lib/ros_exercises --single-version-externally-managed
[0.576s] running egg_info
[0.577s] writing build/ros_exercises/ros_exercises.egg-info/PKG-INFO
[0.578s] writing dependency_links to build/ros_exercises/ros_exercises.egg-info/dependency_links.txt
[0.578s] writing entry points to build/ros_exercises/ros_exercises.egg-info/entry_points.txt
[0.579s] writing requirements to build/ros_exercises/ros_exercises.egg-info/requires.txt
[0.579s] writing top-level names to build/ros_exercises/ros_exercises.egg-info/top_level.txt
[0.600s] reading manifest file 'build/ros_exercises/ros_exercises.egg-info/SOURCES.txt'
[0.601s] writing manifest file 'build/ros_exercises/ros_exercises.egg-info/SOURCES.txt'
[0.601s] running build
[0.602s] running build_py
[0.603s] running install
[0.603s] running install_lib
[0.605s] running install_data
[0.606s] running install_egg_info
[0.607s] removing '/home/racecar/racecar_ws/src/ros_exercises/install/ros_exercises/lib/python3.8/site-packages/ros_exercises-0.0.0-py3.8.egg-info' (and everything under it)
[0.608s] Copying build/ros_exercises/ros_exercises.egg-info to /home/racecar/racecar_ws/src/ros_exercises/install/ros_exercises/lib/python3.8/site-packages/ros_exercises-0.0.0-py3.8.egg-info
[0.616s] running install_scripts
[0.625s] Installing fake_scan_publisher script to /home/racecar/racecar_ws/src/ros_exercises/install/ros_exercises/lib/ros_exercises
[0.627s] Installing simple_publisher script to /home/racecar/racecar_ws/src/ros_exercises/install/ros_exercises/lib/ros_exercises
[0.628s] Installing simple_subscriber script to /home/racecar/racecar_ws/src/ros_exercises/install/ros_exercises/lib/ros_exercises
[0.629s] writing list of installed files to '/home/racecar/racecar_ws/src/ros_exercises/build/ros_exercises/install.log'
[0.640s] Invoked command in '/home/racecar/racecar_ws/src/ros_exercises' returned '0': PYTHONPATH=/home/racecar/racecar_ws/src/ros_exercises/build/ros_exercises/prefix_override:/home/racecar/racecar_ws/src/ros_exercises/install/ros_exercises/lib/python3.8/site-packages:${PYTHONPATH} /usr/bin/python3 setup.py egg_info --egg-base build/ros_exercises build --build-base /home/racecar/racecar_ws/src/ros_exercises/build/ros_exercises/build install --record /home/racecar/racecar_ws/src/ros_exercises/build/ros_exercises/install.log --install-scripts $base/lib/ros_exercises --single-version-externally-managed
