[0.777s] DEBUG:colcon:Command line arguments: ['/usr/bin/colcon', 'build']
[0.777s] DEBUG:colcon:Parsed command line arguments: Namespace(ament_cmake_args=None, base_paths=['.'], build_base='build', catkin_cmake_args=None, catkin_skip_building_tests=False, cmake_args=None, cmake_clean_cache=False, cmake_clean_first=False, cmake_force_configure=False, cmake_target=None, cmake_target_skip_unavailable=False, continue_on_error=False, event_handlers=None, executor='parallel', ignore_user_meta=False, install_base='install', log_base=None, log_level=None, main=<bound method BuildVerb.main of <colcon_core.verb.build.BuildVerb object at 0xffff9bed6b50>>, merge_install=False, metas=['./colcon.meta'], packages_above=None, packages_above_and_dependencies=None, packages_above_depth=None, packages_end=None, packages_ignore=None, packages_ignore_regex=None, packages_select=None, packages_select_build_failed=False, packages_select_by_dep=None, packages_select_regex=None, packages_select_test_failures=False, packages_skip=None, packages_skip_build_finished=False, packages_skip_by_dep=None, packages_skip_regex=None, packages_skip_test_passed=False, packages_skip_up_to=None, packages_start=None, packages_up_to=None, packages_up_to_regex=None, parallel_workers=8, paths=None, symlink_install=False, test_result_base=None, verb_extension=<colcon_core.verb.build.BuildVerb object at 0xffff9bed6b50>, verb_name='build', verb_parser=<colcon_defaults.argument_parser.defaults.DefaultArgumentsDecorator object at 0xffff9bb2f4c0>)
[0.818s] Level 1:colcon.colcon_core.package_discovery:discover_packages(colcon_meta) check parameters
[0.818s] Level 1:colcon.colcon_core.package_discovery:discover_packages(recursive) check parameters
[0.818s] Level 1:colcon.colcon_core.package_discovery:discover_packages(ignore) check parameters
[0.818s] Level 1:colcon.colcon_core.package_discovery:discover_packages(path) check parameters
[0.819s] Level 1:colcon.colcon_core.package_discovery:discover_packages(colcon_meta) discover
[0.819s] Level 1:colcon.colcon_core.package_discovery:discover_packages(recursive) discover
[0.819s] INFO:colcon.colcon_core.package_discovery:Crawling recursively for packages in '/home/racecar/racecar_ws/src/lab1c/custom_msgs'
[0.819s] Level 1:colcon.colcon_core.package_identification:_identify(.) by extensions ['ignore', 'ignore_ament_install']
[0.819s] Level 1:colcon.colcon_core.package_identification:_identify(.) by extension 'ignore'
[0.819s] Level 1:colcon.colcon_core.package_identification:_identify(.) by extension 'ignore_ament_install'
[0.819s] Level 1:colcon.colcon_core.package_identification:_identify(.) by extensions ['colcon_pkg']
[0.819s] Level 1:colcon.colcon_core.package_identification:_identify(.) by extension 'colcon_pkg'
[0.820s] Level 1:colcon.colcon_core.package_identification:_identify(.) by extensions ['colcon_meta']
[0.820s] Level 1:colcon.colcon_core.package_identification:_identify(.) by extension 'colcon_meta'
[0.820s] Level 1:colcon.colcon_core.package_identification:_identify(.) by extensions ['ros']
[0.820s] Level 1:colcon.colcon_core.package_identification:_identify(.) by extension 'ros'
[0.827s] DEBUG:colcon.colcon_core.package_identification:Package '.' with type 'ros.ament_cmake' and name 'custom_msgs'
[0.827s] Level 1:colcon.colcon_core.package_discovery:discover_packages(recursive) using defaults
[0.827s] Level 1:colcon.colcon_core.package_discovery:discover_packages(ignore) discover
[0.827s] Level 1:colcon.colcon_core.package_discovery:discover_packages(ignore) using defaults
[0.827s] Level 1:colcon.colcon_core.package_discovery:discover_packages(path) discover
[0.827s] Level 1:colcon.colcon_core.package_discovery:discover_packages(path) using defaults
[0.886s] Level 5:colcon.colcon_core.verb:set package 'custom_msgs' build argument 'cmake_args' from command line to 'None'
[0.886s] Level 5:colcon.colcon_core.verb:set package 'custom_msgs' build argument 'cmake_target' from command line to 'None'
[0.886s] Level 5:colcon.colcon_core.verb:set package 'custom_msgs' build argument 'cmake_target_skip_unavailable' from command line to 'False'
[0.886s] Level 5:colcon.colcon_core.verb:set package 'custom_msgs' build argument 'cmake_clean_cache' from command line to 'False'
[0.886s] Level 5:colcon.colcon_core.verb:set package 'custom_msgs' build argument 'cmake_clean_first' from command line to 'False'
[0.886s] Level 5:colcon.colcon_core.verb:set package 'custom_msgs' build argument 'cmake_force_configure' from command line to 'False'
[0.887s] Level 5:colcon.colcon_core.verb:set package 'custom_msgs' build argument 'ament_cmake_args' from command line to 'None'
[0.887s] Level 5:colcon.colcon_core.verb:set package 'custom_msgs' build argument 'catkin_cmake_args' from command line to 'None'
[0.887s] Level 5:colcon.colcon_core.verb:set package 'custom_msgs' build argument 'catkin_skip_building_tests' from command line to 'False'
[0.887s] DEBUG:colcon.colcon_core.verb:Building package 'custom_msgs' with the following arguments: {'ament_cmake_args': None, 'build_base': '/home/racecar/racecar_ws/src/lab1c/custom_msgs/build/custom_msgs', 'catkin_cmake_args': None, 'catkin_skip_building_tests': False, 'cmake_args': None, 'cmake_clean_cache': False, 'cmake_clean_first': False, 'cmake_force_configure': False, 'cmake_target': None, 'cmake_target_skip_unavailable': False, 'install_base': '/home/racecar/racecar_ws/src/lab1c/custom_msgs/install/custom_msgs', 'merge_install': False, 'path': '/home/racecar/racecar_ws/src/lab1c/custom_msgs', 'symlink_install': False, 'test_result_base': None}
[0.900s] INFO:colcon.colcon_core.executor:Executing jobs using 'parallel' executor
[0.913s] DEBUG:colcon.colcon_parallel_executor.executor.parallel:run_until_complete
[0.913s] INFO:colcon.colcon_ros.task.ament_cmake.build:Building ROS package in '/home/racecar/racecar_ws/src/lab1c/custom_msgs' with build type 'ament_cmake'
[0.913s] INFO:colcon.colcon_cmake.task.cmake.build:Building CMake package in '/home/racecar/racecar_ws/src/lab1c/custom_msgs'
[0.928s] INFO:colcon.colcon_core.plugin_system:Skipping extension 'colcon_core.shell.bat': Not used on non-Windows systems
[0.928s] INFO:colcon.colcon_core.shell:Skip shell extension 'powershell' for command environment: Not usable outside of PowerShell
[0.928s] DEBUG:colcon.colcon_core.shell:Skip shell extension 'dsv' for command environment
[0.942s] WARNING:colcon.colcon_core.prefix_path.colcon:The path '/home/racecar/racecar_ws/src/ros_exercises/install' in the environment variable COLCON_PREFIX_PATH doesn't exist
[0.942s] WARNING:colcon.colcon_core.prefix_path.colcon:The path '/home/racecar/racecar_ws/src/ros_exercises/ros_exercises/install' in the environment variable COLCON_PREFIX_PATH doesn't exist
[0.943s] WARNING:colcon.colcon_ros.prefix_path.ament:The path '/home/racecar/racecar_ws/src/ros_exercises/install/ros_exercises' in the environment variable AMENT_PREFIX_PATH doesn't exist
[0.943s] WARNING:colcon.colcon_ros.prefix_path.catkin:The path '/home/racecar/racecar_ws/src/ros_exercises/install/ros_exercises' in the environment variable CMAKE_PREFIX_PATH doesn't exist
[1.009s] DEBUG:colcon.colcon_core.event_handler.log_command:Invoking command in '/home/racecar/racecar_ws/src/lab1c/custom_msgs/build/custom_msgs': CMAKE_PREFIX_PATH=${CMAKE_PREFIX_PATH}:/opt/ros/foxy /usr/bin/cmake --build /home/racecar/racecar_ws/src/lab1c/custom_msgs/build/custom_msgs -- -j8 -l8
[1.312s] DEBUG:colcon.colcon_core.event_handler.log_command:Invoked command in '/home/racecar/racecar_ws/src/lab1c/custom_msgs/build/custom_msgs' returned '0': CMAKE_PREFIX_PATH=${CMAKE_PREFIX_PATH}:/opt/ros/foxy /usr/bin/cmake --build /home/racecar/racecar_ws/src/lab1c/custom_msgs/build/custom_msgs -- -j8 -l8
[1.383s] DEBUG:colcon.colcon_core.event_handler.log_command:Invoking command in '/home/racecar/racecar_ws/src/lab1c/custom_msgs/build/custom_msgs': CMAKE_PREFIX_PATH=${CMAKE_PREFIX_PATH}:/opt/ros/foxy /usr/bin/cmake --install /home/racecar/racecar_ws/src/lab1c/custom_msgs/build/custom_msgs
[1.461s] Level 1:colcon.colcon_core.environment:create_environment_scripts_only(custom_msgs)
[1.462s] DEBUG:colcon.colcon_core.event_handler.log_command:Invoked command in '/home/racecar/racecar_ws/src/lab1c/custom_msgs/build/custom_msgs' returned '0': CMAKE_PREFIX_PATH=${CMAKE_PREFIX_PATH}:/opt/ros/foxy /usr/bin/cmake --install /home/racecar/racecar_ws/src/lab1c/custom_msgs/build/custom_msgs
[1.484s] Level 1:colcon.colcon_core.environment:checking '/home/racecar/racecar_ws/src/lab1c/custom_msgs/install/custom_msgs' for CMake module files
[1.486s] Level 1:colcon.colcon_core.environment:checking '/home/racecar/racecar_ws/src/lab1c/custom_msgs/install/custom_msgs' for CMake config files
[1.490s] Level 1:colcon.colcon_core.shell:create_environment_hook('custom_msgs', 'cmake_prefix_path')
[1.503s] INFO:colcon.colcon_core.shell:Creating environment hook '/home/racecar/racecar_ws/src/lab1c/custom_msgs/install/custom_msgs/share/custom_msgs/hook/cmake_prefix_path.ps1'
[1.504s] INFO:colcon.colcon_core.shell:Creating environment descriptor '/home/racecar/racecar_ws/src/lab1c/custom_msgs/install/custom_msgs/share/custom_msgs/hook/cmake_prefix_path.dsv'
[1.505s] INFO:colcon.colcon_core.shell:Creating environment hook '/home/racecar/racecar_ws/src/lab1c/custom_msgs/install/custom_msgs/share/custom_msgs/hook/cmake_prefix_path.sh'
[1.506s] Level 1:colcon.colcon_core.environment:checking '/home/racecar/racecar_ws/src/lab1c/custom_msgs/install/custom_msgs/lib'
[1.506s] Level 1:colcon.colcon_core.shell:create_environment_hook('custom_msgs', 'ld_library_path_lib')
[1.521s] INFO:colcon.colcon_core.shell:Creating environment hook '/home/racecar/racecar_ws/src/lab1c/custom_msgs/install/custom_msgs/share/custom_msgs/hook/ld_library_path_lib.ps1'
[1.522s] INFO:colcon.colcon_core.shell:Creating environment descriptor '/home/racecar/racecar_ws/src/lab1c/custom_msgs/install/custom_msgs/share/custom_msgs/hook/ld_library_path_lib.dsv'
[1.522s] INFO:colcon.colcon_core.shell:Creating environment hook '/home/racecar/racecar_ws/src/lab1c/custom_msgs/install/custom_msgs/share/custom_msgs/hook/ld_library_path_lib.sh'
[1.523s] Level 1:colcon.colcon_core.environment:checking '/home/racecar/racecar_ws/src/lab1c/custom_msgs/install/custom_msgs/bin'
[1.523s] Level 1:colcon.colcon_core.environment:checking '/home/racecar/racecar_ws/src/lab1c/custom_msgs/install/custom_msgs/lib/pkgconfig/custom_msgs.pc'
[1.524s] Level 1:colcon.colcon_core.environment:checking '/home/racecar/racecar_ws/src/lab1c/custom_msgs/install/custom_msgs/lib/python3.8/site-packages'
[1.524s] Level 1:colcon.colcon_core.shell:create_environment_hook('custom_msgs', 'pythonpath')
[1.538s] INFO:colcon.colcon_core.shell:Creating environment hook '/home/racecar/racecar_ws/src/lab1c/custom_msgs/install/custom_msgs/share/custom_msgs/hook/pythonpath.ps1'
[1.539s] INFO:colcon.colcon_core.shell:Creating environment descriptor '/home/racecar/racecar_ws/src/lab1c/custom_msgs/install/custom_msgs/share/custom_msgs/hook/pythonpath.dsv'
[1.539s] INFO:colcon.colcon_core.shell:Creating environment hook '/home/racecar/racecar_ws/src/lab1c/custom_msgs/install/custom_msgs/share/custom_msgs/hook/pythonpath.sh'
[1.540s] Level 1:colcon.colcon_core.environment:checking '/home/racecar/racecar_ws/src/lab1c/custom_msgs/install/custom_msgs/bin'
[1.554s] INFO:colcon.colcon_core.shell:Creating package script '/home/racecar/racecar_ws/src/lab1c/custom_msgs/install/custom_msgs/share/custom_msgs/package.ps1'
[1.555s] INFO:colcon.colcon_core.shell:Creating package descriptor '/home/racecar/racecar_ws/src/lab1c/custom_msgs/install/custom_msgs/share/custom_msgs/package.dsv'
[1.555s] INFO:colcon.colcon_core.shell:Creating package script '/home/racecar/racecar_ws/src/lab1c/custom_msgs/install/custom_msgs/share/custom_msgs/package.sh'
[1.556s] INFO:colcon.colcon_core.shell:Creating package script '/home/racecar/racecar_ws/src/lab1c/custom_msgs/install/custom_msgs/share/custom_msgs/package.bash'
[1.557s] INFO:colcon.colcon_core.shell:Creating package script '/home/racecar/racecar_ws/src/lab1c/custom_msgs/install/custom_msgs/share/custom_msgs/package.zsh'
[1.558s] Level 1:colcon.colcon_core.environment:create_file_with_runtime_dependencies(/home/racecar/racecar_ws/src/lab1c/custom_msgs/install/custom_msgs/share/colcon-core/packages/custom_msgs)
[1.632s] Level 1:colcon.colcon_core.environment:create_environment_scripts_only(custom_msgs)
[1.645s] Level 1:colcon.colcon_core.environment:checking '/home/racecar/racecar_ws/src/lab1c/custom_msgs/install/custom_msgs' for CMake module files
[1.648s] Level 1:colcon.colcon_core.environment:checking '/home/racecar/racecar_ws/src/lab1c/custom_msgs/install/custom_msgs' for CMake config files
[1.651s] Level 1:colcon.colcon_core.shell:create_environment_hook('custom_msgs', 'cmake_prefix_path')
[1.664s] INFO:colcon.colcon_core.shell:Creating environment hook '/home/racecar/racecar_ws/src/lab1c/custom_msgs/install/custom_msgs/share/custom_msgs/hook/cmake_prefix_path.ps1'
[1.665s] INFO:colcon.colcon_core.shell:Creating environment descriptor '/home/racecar/racecar_ws/src/lab1c/custom_msgs/install/custom_msgs/share/custom_msgs/hook/cmake_prefix_path.dsv'
[1.666s] INFO:colcon.colcon_core.shell:Creating environment hook '/home/racecar/racecar_ws/src/lab1c/custom_msgs/install/custom_msgs/share/custom_msgs/hook/cmake_prefix_path.sh'
[1.667s] Level 1:colcon.colcon_core.environment:checking '/home/racecar/racecar_ws/src/lab1c/custom_msgs/install/custom_msgs/lib'
[1.667s] Level 1:colcon.colcon_core.shell:create_environment_hook('custom_msgs', 'ld_library_path_lib')
[1.681s] INFO:colcon.colcon_core.shell:Creating environment hook '/home/racecar/racecar_ws/src/lab1c/custom_msgs/install/custom_msgs/share/custom_msgs/hook/ld_library_path_lib.ps1'
[1.681s] INFO:colcon.colcon_core.shell:Creating environment descriptor '/home/racecar/racecar_ws/src/lab1c/custom_msgs/install/custom_msgs/share/custom_msgs/hook/ld_library_path_lib.dsv'
[1.682s] INFO:colcon.colcon_core.shell:Creating environment hook '/home/racecar/racecar_ws/src/lab1c/custom_msgs/install/custom_msgs/share/custom_msgs/hook/ld_library_path_lib.sh'
[1.683s] Level 1:colcon.colcon_core.environment:checking '/home/racecar/racecar_ws/src/lab1c/custom_msgs/install/custom_msgs/bin'
[1.683s] Level 1:colcon.colcon_core.environment:checking '/home/racecar/racecar_ws/src/lab1c/custom_msgs/install/custom_msgs/lib/pkgconfig/custom_msgs.pc'
[1.683s] Level 1:colcon.colcon_core.environment:checking '/home/racecar/racecar_ws/src/lab1c/custom_msgs/install/custom_msgs/lib/python3.8/site-packages'
[1.683s] Level 1:colcon.colcon_core.shell:create_environment_hook('custom_msgs', 'pythonpath')
[1.697s] INFO:colcon.colcon_core.shell:Creating environment hook '/home/racecar/racecar_ws/src/lab1c/custom_msgs/install/custom_msgs/share/custom_msgs/hook/pythonpath.ps1'
[1.698s] INFO:colcon.colcon_core.shell:Creating environment descriptor '/home/racecar/racecar_ws/src/lab1c/custom_msgs/install/custom_msgs/share/custom_msgs/hook/pythonpath.dsv'
[1.698s] INFO:colcon.colcon_core.shell:Creating environment hook '/home/racecar/racecar_ws/src/lab1c/custom_msgs/install/custom_msgs/share/custom_msgs/hook/pythonpath.sh'
[1.699s] Level 1:colcon.colcon_core.environment:checking '/home/racecar/racecar_ws/src/lab1c/custom_msgs/install/custom_msgs/bin'
[1.713s] INFO:colcon.colcon_core.shell:Creating package script '/home/racecar/racecar_ws/src/lab1c/custom_msgs/install/custom_msgs/share/custom_msgs/package.ps1'
[1.713s] INFO:colcon.colcon_core.shell:Creating package descriptor '/home/racecar/racecar_ws/src/lab1c/custom_msgs/install/custom_msgs/share/custom_msgs/package.dsv'
[1.714s] INFO:colcon.colcon_core.shell:Creating package script '/home/racecar/racecar_ws/src/lab1c/custom_msgs/install/custom_msgs/share/custom_msgs/package.sh'
[1.715s] INFO:colcon.colcon_core.shell:Creating package script '/home/racecar/racecar_ws/src/lab1c/custom_msgs/install/custom_msgs/share/custom_msgs/package.bash'
[1.715s] INFO:colcon.colcon_core.shell:Creating package script '/home/racecar/racecar_ws/src/lab1c/custom_msgs/install/custom_msgs/share/custom_msgs/package.zsh'
[1.716s] Level 1:colcon.colcon_core.environment:create_file_with_runtime_dependencies(/home/racecar/racecar_ws/src/lab1c/custom_msgs/install/custom_msgs/share/colcon-core/packages/custom_msgs)
[1.716s] DEBUG:colcon.colcon_parallel_executor.executor.parallel:closing loop
[1.717s] DEBUG:colcon.colcon_parallel_executor.executor.parallel:loop closed
[1.717s] DEBUG:colcon.colcon_parallel_executor.executor.parallel:run_until_complete finished with '0'
[1.717s] DEBUG:colcon.colcon_core.event_reactor:joining thread
[1.735s] INFO:colcon.colcon_core.plugin_system:Skipping extension 'colcon_notification.desktop_notification.notify_send': Could not find 'notify-send'
[1.735s] INFO:colcon.colcon_core.plugin_system:Skipping extension 'colcon_notification.desktop_notification.terminal_notifier': Not used on non-Darwin systems
[1.735s] INFO:colcon.colcon_core.plugin_system:Skipping extension 'colcon_notification.desktop_notification.win32': Not used on non-Windows systems
[1.735s] INFO:colcon.colcon_notification.desktop_notification:Sending desktop notification using 'notify2'
[1.735s] DEBUG:colcon.colcon_notification.desktop_notification.notify2:Failed to initialize notify2: org.freedesktop.DBus.Error.NotSupported: Unable to autolaunch a dbus-daemon without a $DISPLAY for X11
[1.735s] DEBUG:colcon.colcon_core.event_reactor:joined thread
[1.749s] INFO:colcon.colcon_core.shell:Creating prefix script '/home/racecar/racecar_ws/src/lab1c/custom_msgs/install/local_setup.ps1'
[1.750s] INFO:colcon.colcon_core.shell:Creating prefix util module '/home/racecar/racecar_ws/src/lab1c/custom_msgs/install/_local_setup_util_ps1.py'
[1.752s] INFO:colcon.colcon_core.shell:Creating prefix chain script '/home/racecar/racecar_ws/src/lab1c/custom_msgs/install/setup.ps1'
[1.767s] INFO:colcon.colcon_core.shell:Creating prefix script '/home/racecar/racecar_ws/src/lab1c/custom_msgs/install/local_setup.sh'
[1.768s] INFO:colcon.colcon_core.shell:Creating prefix util module '/home/racecar/racecar_ws/src/lab1c/custom_msgs/install/_local_setup_util_sh.py'
[1.769s] INFO:colcon.colcon_core.shell:Creating prefix chain script '/home/racecar/racecar_ws/src/lab1c/custom_msgs/install/setup.sh'
[1.784s] INFO:colcon.colcon_core.shell:Creating prefix script '/home/racecar/racecar_ws/src/lab1c/custom_msgs/install/local_setup.bash'
[1.785s] INFO:colcon.colcon_core.shell:Creating prefix chain script '/home/racecar/racecar_ws/src/lab1c/custom_msgs/install/setup.bash'
[1.800s] INFO:colcon.colcon_core.shell:Creating prefix script '/home/racecar/racecar_ws/src/lab1c/custom_msgs/install/local_setup.zsh'
[1.801s] INFO:colcon.colcon_core.shell:Creating prefix chain script '/home/racecar/racecar_ws/src/lab1c/custom_msgs/install/setup.zsh'
