[0.094s] Invoking command in '/home/racecar/racecar_ws/src/lab1c/custom_msgs/build/custom_msgs': CMAKE_PREFIX_PATH=${CMAKE_PREFIX_PATH}:/opt/ros/foxy /usr/bin/cmake --build /home/racecar/racecar_ws/src/lab1c/custom_msgs/build/custom_msgs -- -j8 -l8
[0.159s] [  6%] Built target custom_msgs__cpp
[0.160s] [ 12%] Built target custom_msgs__rosidl_generator_c
[0.234s] [ 48%] Built target custom_msgs__rosidl_typesupport_introspection_cpp
[0.235s] [ 51%] Built target custom_msgs__rosidl_typesupport_fastrtps_cpp
[0.235s] [ 51%] Built target custom_msgs__rosidl_typesupport_c
[0.236s] [ 54%] Built target custom_msgs__rosidl_typesupport_cpp
[0.236s] [ 61%] Built target custom_msgs__rosidl_typesupport_introspection_c
[0.264s] [ 70%] Built target custom_msgs__rosidl_typesupport_fastrtps_c
[0.285s] [ 70%] Built target custom_msgs
[0.308s] [ 74%] Built target custom_msgs__py
[0.335s] [ 80%] Built target custom_msgs__python
[0.383s] [ 87%] Built target custom_msgs__rosidl_typesupport_fastrtps_c__pyext
[0.384s] [100%] Built target custom_msgs__rosidl_typesupport_introspection_c__pyext
[0.384s] [100%] Built target custom_msgs__rosidl_typesupport_c__pyext
[0.397s] Invoked command in '/home/racecar/racecar_ws/src/lab1c/custom_msgs/build/custom_msgs' returned '0': CMAKE_PREFIX_PATH=${CMAKE_PREFIX_PATH}:/opt/ros/foxy /usr/bin/cmake --build /home/racecar/racecar_ws/src/lab1c/custom_msgs/build/custom_msgs -- -j8 -l8
[0.468s] Invoking command in '/home/racecar/racecar_ws/src/lab1c/custom_msgs/build/custom_msgs': CMAKE_PREFIX_PATH=${CMAKE_PREFIX_PATH}:/opt/ros/foxy /usr/bin/cmake --install /home/racecar/racecar_ws/src/lab1c/custom_msgs/build/custom_msgs
[0.477s] -- Install configuration: ""
[0.477s] -- Up-to-date: /home/racecar/racecar_ws/src/lab1c/custom_msgs/install/custom_msgs/share/ament_index/resource_index/rosidl_interfaces/custom_msgs
[0.478s] -- Up-to-date: /home/racecar/racecar_ws/src/lab1c/custom_msgs/install/custom_msgs/include/custom_msgs
[0.478s] -- Up-to-date: /home/racecar/racecar_ws/src/lab1c/custom_msgs/install/custom_msgs/include/custom_msgs/msg
[0.479s] -- Up-to-date: /home/racecar/racecar_ws/src/lab1c/custom_msgs/install/custom_msgs/include/custom_msgs/msg/open_space.h
[0.480s] -- Up-to-date: /home/racecar/racecar_ws/src/lab1c/custom_msgs/install/custom_msgs/include/custom_msgs/msg/rosidl_generator_c__visibility_control.h
[0.480s] -- Up-to-date: /home/racecar/racecar_ws/src/lab1c/custom_msgs/install/custom_msgs/include/custom_msgs/msg/detail
[0.481s] -- Up-to-date: /home/racecar/racecar_ws/src/lab1c/custom_msgs/install/custom_msgs/include/custom_msgs/msg/detail/open_space__type_support.h
[0.481s] -- Up-to-date: /home/racecar/racecar_ws/src/lab1c/custom_msgs/install/custom_msgs/include/custom_msgs/msg/detail/open_space__functions.h
[0.482s] -- Up-to-date: /home/racecar/racecar_ws/src/lab1c/custom_msgs/install/custom_msgs/include/custom_msgs/msg/detail/open_space__struct.h
[0.482s] -- Up-to-date: /home/racecar/racecar_ws/src/lab1c/custom_msgs/install/custom_msgs/include/custom_msgs/msg/detail/open_space__functions.c
[0.483s] -- Up-to-date: /home/racecar/racecar_ws/src/lab1c/custom_msgs/install/custom_msgs/share/custom_msgs/environment/library_path.sh
[0.484s] -- Up-to-date: /home/racecar/racecar_ws/src/lab1c/custom_msgs/install/custom_msgs/share/custom_msgs/environment/library_path.dsv
[0.484s] -- Up-to-date: /home/racecar/racecar_ws/src/lab1c/custom_msgs/install/custom_msgs/lib/libcustom_msgs__rosidl_generator_c.so
[0.485s] -- Up-to-date: /home/racecar/racecar_ws/src/lab1c/custom_msgs/install/custom_msgs/include/custom_msgs
[0.485s] -- Up-to-date: /home/racecar/racecar_ws/src/lab1c/custom_msgs/install/custom_msgs/include/custom_msgs/msg
[0.486s] -- Up-to-date: /home/racecar/racecar_ws/src/lab1c/custom_msgs/install/custom_msgs/include/custom_msgs/msg/detail
[0.486s] -- Up-to-date: /home/racecar/racecar_ws/src/lab1c/custom_msgs/install/custom_msgs/include/custom_msgs/msg/detail/open_space__rosidl_typesupport_fastrtps_c.h
[0.487s] -- Up-to-date: /home/racecar/racecar_ws/src/lab1c/custom_msgs/install/custom_msgs/include/custom_msgs/msg/rosidl_typesupport_fastrtps_c__visibility_control.h
[0.487s] -- Up-to-date: /home/racecar/racecar_ws/src/lab1c/custom_msgs/install/custom_msgs/lib/libcustom_msgs__rosidl_typesupport_fastrtps_c.so
[0.488s] -- Up-to-date: /home/racecar/racecar_ws/src/lab1c/custom_msgs/install/custom_msgs/include/custom_msgs
[0.488s] -- Up-to-date: /home/racecar/racecar_ws/src/lab1c/custom_msgs/install/custom_msgs/include/custom_msgs/msg
[0.489s] -- Up-to-date: /home/racecar/racecar_ws/src/lab1c/custom_msgs/install/custom_msgs/include/custom_msgs/msg/rosidl_typesupport_fastrtps_cpp__visibility_control.h
[0.489s] -- Up-to-date: /home/racecar/racecar_ws/src/lab1c/custom_msgs/install/custom_msgs/include/custom_msgs/msg/detail
[0.490s] -- Up-to-date: /home/racecar/racecar_ws/src/lab1c/custom_msgs/install/custom_msgs/include/custom_msgs/msg/detail/open_space__rosidl_typesupport_fastrtps_cpp.hpp
[0.490s] -- Up-to-date: /home/racecar/racecar_ws/src/lab1c/custom_msgs/install/custom_msgs/include/custom_msgs/msg/detail/dds_fastrtps
[0.491s] -- Up-to-date: /home/racecar/racecar_ws/src/lab1c/custom_msgs/install/custom_msgs/lib/libcustom_msgs__rosidl_typesupport_fastrtps_cpp.so
[0.492s] -- Up-to-date: /home/racecar/racecar_ws/src/lab1c/custom_msgs/install/custom_msgs/include/custom_msgs
[0.493s] -- Up-to-date: /home/racecar/racecar_ws/src/lab1c/custom_msgs/install/custom_msgs/include/custom_msgs/msg
[0.493s] -- Up-to-date: /home/racecar/racecar_ws/src/lab1c/custom_msgs/install/custom_msgs/include/custom_msgs/msg/detail
[0.494s] -- Up-to-date: /home/racecar/racecar_ws/src/lab1c/custom_msgs/install/custom_msgs/include/custom_msgs/msg/detail/open_space__rosidl_typesupport_introspection_c.h
[0.494s] -- Up-to-date: /home/racecar/racecar_ws/src/lab1c/custom_msgs/install/custom_msgs/include/custom_msgs/msg/detail/open_space__type_support.c
[0.495s] -- Up-to-date: /home/racecar/racecar_ws/src/lab1c/custom_msgs/install/custom_msgs/include/custom_msgs/msg/rosidl_typesupport_introspection_c__visibility_control.h
[0.495s] -- Up-to-date: /home/racecar/racecar_ws/src/lab1c/custom_msgs/install/custom_msgs/lib/libcustom_msgs__rosidl_typesupport_introspection_c.so
[0.496s] -- Up-to-date: /home/racecar/racecar_ws/src/lab1c/custom_msgs/install/custom_msgs/lib/libcustom_msgs__rosidl_typesupport_c.so
[0.497s] -- Up-to-date: /home/racecar/racecar_ws/src/lab1c/custom_msgs/install/custom_msgs/include/custom_msgs
[0.497s] -- Up-to-date: /home/racecar/racecar_ws/src/lab1c/custom_msgs/install/custom_msgs/include/custom_msgs/msg
[0.498s] -- Up-to-date: /home/racecar/racecar_ws/src/lab1c/custom_msgs/install/custom_msgs/include/custom_msgs/msg/detail
[0.498s] -- Up-to-date: /home/racecar/racecar_ws/src/lab1c/custom_msgs/install/custom_msgs/include/custom_msgs/msg/detail/open_space__traits.hpp
[0.499s] -- Up-to-date: /home/racecar/racecar_ws/src/lab1c/custom_msgs/install/custom_msgs/include/custom_msgs/msg/detail/open_space__struct.hpp
[0.499s] -- Up-to-date: /home/racecar/racecar_ws/src/lab1c/custom_msgs/install/custom_msgs/include/custom_msgs/msg/detail/open_space__builder.hpp
[0.500s] -- Up-to-date: /home/racecar/racecar_ws/src/lab1c/custom_msgs/install/custom_msgs/include/custom_msgs/msg/detail/open_space__type_support.hpp
[0.500s] -- Up-to-date: /home/racecar/racecar_ws/src/lab1c/custom_msgs/install/custom_msgs/include/custom_msgs/msg/rosidl_generator_cpp__visibility_control.hpp
[0.501s] -- Up-to-date: /home/racecar/racecar_ws/src/lab1c/custom_msgs/install/custom_msgs/include/custom_msgs/msg/open_space.hpp
[0.501s] -- Up-to-date: /home/racecar/racecar_ws/src/lab1c/custom_msgs/install/custom_msgs/include/custom_msgs
[0.502s] -- Up-to-date: /home/racecar/racecar_ws/src/lab1c/custom_msgs/install/custom_msgs/include/custom_msgs/msg
[0.502s] -- Up-to-date: /home/racecar/racecar_ws/src/lab1c/custom_msgs/install/custom_msgs/include/custom_msgs/msg/detail
[0.503s] -- Up-to-date: /home/racecar/racecar_ws/src/lab1c/custom_msgs/install/custom_msgs/include/custom_msgs/msg/detail/open_space__type_support.cpp
[0.504s] -- Up-to-date: /home/racecar/racecar_ws/src/lab1c/custom_msgs/install/custom_msgs/include/custom_msgs/msg/detail/open_space__rosidl_typesupport_introspection_cpp.hpp
[0.504s] -- Up-to-date: /home/racecar/racecar_ws/src/lab1c/custom_msgs/install/custom_msgs/lib/libcustom_msgs__rosidl_typesupport_introspection_cpp.so
[0.505s] -- Up-to-date: /home/racecar/racecar_ws/src/lab1c/custom_msgs/install/custom_msgs/lib/libcustom_msgs__rosidl_typesupport_cpp.so
[0.505s] -- Up-to-date: /home/racecar/racecar_ws/src/lab1c/custom_msgs/install/custom_msgs/share/custom_msgs/environment/pythonpath.sh
[0.505s] -- Up-to-date: /home/racecar/racecar_ws/src/lab1c/custom_msgs/install/custom_msgs/share/custom_msgs/environment/pythonpath.dsv
[0.506s] -- Up-to-date: /home/racecar/racecar_ws/src/lab1c/custom_msgs/install/custom_msgs/lib/python3.8/site-packages/custom_msgs/__init__.py
[0.523s] -- Up-to-date: /home/racecar/racecar_ws/src/lab1c/custom_msgs/install/custom_msgs/lib/python3.8/site-packages/custom_msgs/msg
[0.524s] -- Up-to-date: /home/racecar/racecar_ws/src/lab1c/custom_msgs/install/custom_msgs/lib/python3.8/site-packages/custom_msgs/msg/_open_space.py
[0.524s] -- Up-to-date: /home/racecar/racecar_ws/src/lab1c/custom_msgs/install/custom_msgs/lib/python3.8/site-packages/custom_msgs/msg/__init__.py
[0.525s] -- Up-to-date: /home/racecar/racecar_ws/src/lab1c/custom_msgs/install/custom_msgs/lib/python3.8/site-packages/custom_msgs/msg/_open_space_s.c
[0.525s] -- Up-to-date: /home/racecar/racecar_ws/src/lab1c/custom_msgs/install/custom_msgs/lib/python3.8/site-packages/custom_msgs/custom_msgs_s__rosidl_typesupport_fastrtps_c.cpython-38-aarch64-linux-gnu.so
[0.526s] -- Up-to-date: /home/racecar/racecar_ws/src/lab1c/custom_msgs/install/custom_msgs/lib/python3.8/site-packages/custom_msgs/custom_msgs_s__rosidl_typesupport_introspection_c.cpython-38-aarch64-linux-gnu.so
[0.528s] -- Up-to-date: /home/racecar/racecar_ws/src/lab1c/custom_msgs/install/custom_msgs/lib/python3.8/site-packages/custom_msgs/custom_msgs_s__rosidl_typesupport_c.cpython-38-aarch64-linux-gnu.so
[0.529s] -- Up-to-date: /home/racecar/racecar_ws/src/lab1c/custom_msgs/install/custom_msgs/lib/libcustom_msgs__python.so
[0.529s] -- Up-to-date: /home/racecar/racecar_ws/src/lab1c/custom_msgs/install/custom_msgs/share/custom_msgs/msg/OpenSpace.idl
[0.530s] -- Up-to-date: /home/racecar/racecar_ws/src/lab1c/custom_msgs/install/custom_msgs/share/custom_msgs/msg/OpenSpace.msg
[0.530s] -- Up-to-date: /home/racecar/racecar_ws/src/lab1c/custom_msgs/install/custom_msgs/share/ament_index/resource_index/package_run_dependencies/custom_msgs
[0.531s] -- Up-to-date: /home/racecar/racecar_ws/src/lab1c/custom_msgs/install/custom_msgs/share/ament_index/resource_index/parent_prefix_path/custom_msgs
[0.532s] -- Up-to-date: /home/racecar/racecar_ws/src/lab1c/custom_msgs/install/custom_msgs/share/custom_msgs/environment/ament_prefix_path.sh
[0.532s] -- Up-to-date: /home/racecar/racecar_ws/src/lab1c/custom_msgs/install/custom_msgs/share/custom_msgs/environment/ament_prefix_path.dsv
[0.533s] -- Up-to-date: /home/racecar/racecar_ws/src/lab1c/custom_msgs/install/custom_msgs/share/custom_msgs/environment/path.sh
[0.533s] -- Up-to-date: /home/racecar/racecar_ws/src/lab1c/custom_msgs/install/custom_msgs/share/custom_msgs/environment/path.dsv
[0.534s] -- Up-to-date: /home/racecar/racecar_ws/src/lab1c/custom_msgs/install/custom_msgs/share/custom_msgs/local_setup.bash
[0.534s] -- Up-to-date: /home/racecar/racecar_ws/src/lab1c/custom_msgs/install/custom_msgs/share/custom_msgs/local_setup.sh
[0.535s] -- Up-to-date: /home/racecar/racecar_ws/src/lab1c/custom_msgs/install/custom_msgs/share/custom_msgs/local_setup.zsh
[0.535s] -- Up-to-date: /home/racecar/racecar_ws/src/lab1c/custom_msgs/install/custom_msgs/share/custom_msgs/local_setup.dsv
[0.536s] -- Installing: /home/racecar/racecar_ws/src/lab1c/custom_msgs/install/custom_msgs/share/custom_msgs/package.dsv
[0.536s] -- Up-to-date: /home/racecar/racecar_ws/src/lab1c/custom_msgs/install/custom_msgs/share/ament_index/resource_index/packages/custom_msgs
[0.537s] -- Up-to-date: /home/racecar/racecar_ws/src/lab1c/custom_msgs/install/custom_msgs/share/custom_msgs/cmake/custom_msgs__rosidl_generator_cExport.cmake
[0.537s] -- Up-to-date: /home/racecar/racecar_ws/src/lab1c/custom_msgs/install/custom_msgs/share/custom_msgs/cmake/custom_msgs__rosidl_generator_cExport-noconfig.cmake
[0.538s] -- Up-to-date: /home/racecar/racecar_ws/src/lab1c/custom_msgs/install/custom_msgs/share/custom_msgs/cmake/custom_msgs__rosidl_typesupport_introspection_cExport.cmake
[0.538s] -- Up-to-date: /home/racecar/racecar_ws/src/lab1c/custom_msgs/install/custom_msgs/share/custom_msgs/cmake/custom_msgs__rosidl_typesupport_introspection_cExport-noconfig.cmake
[0.539s] -- Up-to-date: /home/racecar/racecar_ws/src/lab1c/custom_msgs/install/custom_msgs/share/custom_msgs/cmake/custom_msgs__rosidl_typesupport_cExport.cmake
[0.539s] -- Up-to-date: /home/racecar/racecar_ws/src/lab1c/custom_msgs/install/custom_msgs/share/custom_msgs/cmake/custom_msgs__rosidl_typesupport_cExport-noconfig.cmake
[0.540s] -- Up-to-date: /home/racecar/racecar_ws/src/lab1c/custom_msgs/install/custom_msgs/share/custom_msgs/cmake/custom_msgs__rosidl_generator_cppExport.cmake
[0.540s] -- Up-to-date: /home/racecar/racecar_ws/src/lab1c/custom_msgs/install/custom_msgs/share/custom_msgs/cmake/custom_msgs__rosidl_typesupport_introspection_cppExport.cmake
[0.541s] -- Up-to-date: /home/racecar/racecar_ws/src/lab1c/custom_msgs/install/custom_msgs/share/custom_msgs/cmake/custom_msgs__rosidl_typesupport_introspection_cppExport-noconfig.cmake
[0.541s] -- Up-to-date: /home/racecar/racecar_ws/src/lab1c/custom_msgs/install/custom_msgs/share/custom_msgs/cmake/custom_msgs__rosidl_typesupport_cppExport.cmake
[0.542s] -- Up-to-date: /home/racecar/racecar_ws/src/lab1c/custom_msgs/install/custom_msgs/share/custom_msgs/cmake/custom_msgs__rosidl_typesupport_cppExport-noconfig.cmake
[0.542s] -- Up-to-date: /home/racecar/racecar_ws/src/lab1c/custom_msgs/install/custom_msgs/share/custom_msgs/cmake/rosidl_cmake-extras.cmake
[0.542s] -- Up-to-date: /home/racecar/racecar_ws/src/lab1c/custom_msgs/install/custom_msgs/share/custom_msgs/cmake/ament_cmake_export_dependencies-extras.cmake
[0.543s] -- Up-to-date: /home/racecar/racecar_ws/src/lab1c/custom_msgs/install/custom_msgs/share/custom_msgs/cmake/ament_cmake_export_libraries-extras.cmake
[0.543s] -- Up-to-date: /home/racecar/racecar_ws/src/lab1c/custom_msgs/install/custom_msgs/share/custom_msgs/cmake/ament_cmake_export_targets-extras.cmake
[0.544s] -- Up-to-date: /home/racecar/racecar_ws/src/lab1c/custom_msgs/install/custom_msgs/share/custom_msgs/cmake/ament_cmake_export_include_directories-extras.cmake
[0.544s] -- Up-to-date: /home/racecar/racecar_ws/src/lab1c/custom_msgs/install/custom_msgs/share/custom_msgs/cmake/rosidl_cmake_export_typesupport_libraries-extras.cmake
[0.545s] -- Up-to-date: /home/racecar/racecar_ws/src/lab1c/custom_msgs/install/custom_msgs/share/custom_msgs/cmake/rosidl_cmake_export_typesupport_targets-extras.cmake
[0.545s] -- Up-to-date: /home/racecar/racecar_ws/src/lab1c/custom_msgs/install/custom_msgs/share/custom_msgs/cmake/custom_msgsConfig.cmake
[0.546s] -- Up-to-date: /home/racecar/racecar_ws/src/lab1c/custom_msgs/install/custom_msgs/share/custom_msgs/cmake/custom_msgsConfig-version.cmake
[0.547s] -- Up-to-date: /home/racecar/racecar_ws/src/lab1c/custom_msgs/install/custom_msgs/share/custom_msgs/package.xml
[0.548s] Invoked command in '/home/racecar/racecar_ws/src/lab1c/custom_msgs/build/custom_msgs' returned '0': CMAKE_PREFIX_PATH=${CMAKE_PREFIX_PATH}:/opt/ros/foxy /usr/bin/cmake --install /home/racecar/racecar_ws/src/lab1c/custom_msgs/build/custom_msgs
