-- The C compiler identification is GNU 9.4.0
-- The CXX compiler identification is GNU 9.4.0
-- Check for working C compiler: /usr/bin/cc
-- Check for working C compiler: /usr/bin/cc -- works
-- Detecting C compiler ABI info
-- Detecting C compiler ABI info - done
-- Detecting C compile features
-- Detecting C compile features - done
-- Check for working CXX compiler: /usr/bin/c++
-- Check for working CXX compiler: /usr/bin/c++ -- works
-- Detecting CXX compiler ABI info
-- Detecting CXX compiler ABI info - done
-- Detecting CXX compile features
-- Detecting CXX compile features - done
-- Found ament_cmake: 0.9.12 (/opt/ros/foxy/share/ament_cmake/cmake)
-- Found PythonInterp: /usr/bin/python3 (found suitable version "3.8.10", minimum required is "3") 
-- Using PYTHON_EXECUTABLE: /usr/bin/python3
-- Found rosidl_default_generators: 1.0.1 (/opt/ros/foxy/share/rosidl_default_generators/cmake)
-- Using all available rosidl_typesupport_c: rosidl_typesupport_fastrtps_c;rosidl_typesupport_introspection_c
-- Found rosidl_adapter: 1.3.1 (/opt/ros/foxy/share/rosidl_adapter/cmake)
-- Found OpenSSL: /usr/lib/aarch64-linux-gnu/libcrypto.so (found version "1.1.1f")  
-- Found FastRTPS: /opt/ros/foxy/include  
-- Using all available rosidl_typesupport_cpp: rosidl_typesupport_fastrtps_cpp;rosidl_typesupport_introspection_cpp
-- Found PythonInterp: /usr/bin/python3 (found version "3.8.10") 
-- Found ament_cmake_ros: 0.9.2 (/opt/ros/foxy/share/ament_cmake_ros/cmake)
-- Using all available rosidl_typesupport_c: rosidl_typesupport_fastrtps_c;rosidl_typesupport_introspection_c
-- Using all available rosidl_typesupport_cpp: rosidl_typesupport_fastrtps_cpp;rosidl_typesupport_introspection_cpp
-- Found PythonInterp: /usr/bin/python3 (found suitable version "3.8.10", minimum required is "3.5") 
-- Found python_cmake_module: 0.8.1 (/opt/ros/foxy/share/python_cmake_module/cmake)
-- Found PythonLibs: /usr/lib/aarch64-linux-gnu/libpython3.8.so (found suitable version "3.8.10", minimum required is "3.5") 
-- Using PYTHON_EXECUTABLE: /usr/bin/python3
-- Using PYTHON_INCLUDE_DIRS: /usr/include/python3.8
-- Using PYTHON_LIBRARIES: /usr/lib/aarch64-linux-gnu/libpython3.8.so
-- Found PythonExtra: .so  
-- Found ament_lint_auto: 0.9.8 (/opt/ros/foxy/share/ament_lint_auto/cmake)
-- Added test 'copyright' to check source files copyright and LICENSE
-- Added test 'cppcheck' to perform static code analysis on C / C++ code
-- Configured cppcheck include dirs: $<BUILD_INTERFACE:/home/racecar/racecar_ws/src/lab1c/custom_msgs/build/custom_msgs/rosidl_generator_c>;/home/racecar/racecar_ws/src/lab1c/custom_msgs/build/custom_msgs/rosidl_generator_c;/home/racecar/racecar_ws/src/lab1c/custom_msgs/build/custom_msgs/rosidl_generator_cpp;/home/racecar/racecar_ws/src/lab1c/custom_msgs/build/custom_msgs/rosidl_typesupport_fastrtps_c;/home/racecar/racecar_ws/src/lab1c/custom_msgs/build/custom_msgs/rosidl_typesupport_fastrtps_cpp;$<BUILD_INTERFACE:/home/racecar/racecar_ws/src/lab1c/custom_msgs/build/custom_msgs/rosidl_typesupport_introspection_c>;$<BUILD_INTERFACE:/home/racecar/racecar_ws/src/lab1c/custom_msgs/build/custom_msgs/rosidl_typesupport_c>;$<BUILD_INTERFACE:/home/racecar/racecar_ws/src/lab1c/custom_msgs/build/custom_msgs/rosidl_generator_cpp>;/home/racecar/racecar_ws/src/lab1c/custom_msgs/build/custom_msgs/rosidl_generator_py
-- Configured cppcheck exclude dirs and/or files: 
-- Added test 'cpplint' to check C / C++ code against the Google style
-- Configured cpplint exclude dirs and/or files: 
-- Added test 'flake8' to check Python code syntax and style conventions
-- Added test 'lint_cmake' to check CMake code style
-- Added test 'pep257' to check Python code against some of the style conventions in PEP 257
-- Added test 'uncrustify' to check C / C++ code style
-- Configured uncrustify additional arguments: 
-- Added test 'xmllint' to check XML markup files
-- Configuring done
-- Generating done
-- Build files have been written to: /home/racecar/racecar_ws/src/lab1c/custom_msgs/build/custom_msgs
[35m[1mScanning dependencies of target custom_msgs__cpp[0m
[  3%] [34m[1mGenerating C code for ROS interfaces[0m
[  6%] [34m[1mGenerating C++ code for ROS interfaces[0m
[35m[1mScanning dependencies of target custom_msgs__rosidl_generator_c[0m
[  6%] Built target custom_msgs__cpp
[ 16%] [34m[1mGenerating C++ type support dispatch for ROS interfaces[0m
[ 16%] [34m[1mGenerating C++ introspection for ROS interfaces[0m
[ 16%] [34m[1mGenerating C++ type support for eProsima Fast-RTPS[0m
[ 19%] [32mBuilding C object CMakeFiles/custom_msgs__rosidl_generator_c.dir/rosidl_generator_c/custom_msgs/msg/detail/open_space__functions.c.o[0m
[ 22%] [32m[1mLinking C shared library libcustom_msgs__rosidl_generator_c.so[0m
[35m[1mScanning dependencies of target custom_msgs__rosidl_typesupport_cpp[0m
[35m[1mScanning dependencies of target custom_msgs__rosidl_typesupport_fastrtps_cpp[0m
[35m[1mScanning dependencies of target custom_msgs__rosidl_typesupport_introspection_cpp[0m
[ 22%] Built target custom_msgs__rosidl_generator_c
[ 29%] [34m[1mGenerating C type support dispatch for ROS interfaces[0m
[ 29%] [34m[1mGenerating C introspection for ROS interfaces[0m
[ 32%] [32mBuilding CXX object CMakeFiles/custom_msgs__rosidl_typesupport_cpp.dir/rosidl_typesupport_cpp/custom_msgs/msg/open_space__type_support.cpp.o[0m
[ 35%] [32mBuilding CXX object CMakeFiles/custom_msgs__rosidl_typesupport_introspection_cpp.dir/rosidl_typesupport_introspection_cpp/custom_msgs/msg/detail/open_space__type_support.cpp.o[0m
[ 38%] [32mBuilding CXX object CMakeFiles/custom_msgs__rosidl_typesupport_fastrtps_cpp.dir/rosidl_typesupport_fastrtps_cpp/custom_msgs/msg/detail/dds_fastrtps/open_space__type_support.cpp.o[0m
[35m[1mScanning dependencies of target custom_msgs__rosidl_typesupport_c[0m
[35m[1mScanning dependencies of target custom_msgs__rosidl_typesupport_introspection_c[0m
[ 41%] [32mBuilding CXX object CMakeFiles/custom_msgs__rosidl_typesupport_c.dir/rosidl_typesupport_c/custom_msgs/msg/open_space__type_support.cpp.o[0m
[ 45%] [32mBuilding C object CMakeFiles/custom_msgs__rosidl_typesupport_introspection_c.dir/rosidl_typesupport_introspection_c/custom_msgs/msg/detail/open_space__type_support.c.o[0m
[ 48%] [32m[1mLinking CXX shared library libcustom_msgs__rosidl_typesupport_c.so[0m
[ 51%] [32m[1mLinking C shared library libcustom_msgs__rosidl_typesupport_introspection_c.so[0m
[ 51%] Built target custom_msgs__rosidl_typesupport_c
[ 58%] [32m[1mLinking CXX shared library libcustom_msgs__rosidl_typesupport_cpp.so[0m
[ 58%] [32m[1mLinking CXX shared library libcustom_msgs__rosidl_typesupport_introspection_cpp.so[0m
[ 58%] Built target custom_msgs__rosidl_typesupport_introspection_c
[ 58%] Built target custom_msgs__rosidl_typesupport_introspection_cpp
[ 58%] Built target custom_msgs__rosidl_typesupport_cpp
[ 61%] [32m[1mLinking CXX shared library libcustom_msgs__rosidl_typesupport_fastrtps_cpp.so[0m
[ 61%] Built target custom_msgs__rosidl_typesupport_fastrtps_cpp
[ 64%] [34m[1mGenerating C type support for eProsima Fast-RTPS[0m
[35m[1mScanning dependencies of target custom_msgs__rosidl_typesupport_fastrtps_c[0m
[ 67%] [32mBuilding CXX object CMakeFiles/custom_msgs__rosidl_typesupport_fastrtps_c.dir/rosidl_typesupport_fastrtps_c/custom_msgs/msg/detail/open_space__type_support_c.cpp.o[0m
[ 70%] [32m[1mLinking CXX shared library libcustom_msgs__rosidl_typesupport_fastrtps_c.so[0m
[ 70%] Built target custom_msgs__rosidl_typesupport_fastrtps_c
[35m[1mScanning dependencies of target custom_msgs[0m
[ 70%] Built target custom_msgs
[35m[1mScanning dependencies of target custom_msgs__py[0m
[ 74%] [34m[1mGenerating Python code for ROS interfaces[0m
[ 74%] Built target custom_msgs__py
[35m[1mScanning dependencies of target custom_msgs__python[0m
[ 77%] [32mBuilding C object CMakeFiles/custom_msgs__python.dir/rosidl_generator_py/custom_msgs/msg/_open_space_s.c.o[0m
[ 80%] [32m[1mLinking C shared library rosidl_generator_py/custom_msgs/libcustom_msgs__python.so[0m
[ 80%] Built target custom_msgs__python
[35m[1mScanning dependencies of target custom_msgs__rosidl_typesupport_fastrtps_c__pyext[0m
[35m[1mScanning dependencies of target custom_msgs__rosidl_typesupport_introspection_c__pyext[0m
[35m[1mScanning dependencies of target custom_msgs__rosidl_typesupport_c__pyext[0m
[ 87%] [32mBuilding C object CMakeFiles/custom_msgs__rosidl_typesupport_c__pyext.dir/rosidl_generator_py/custom_msgs/_custom_msgs_s.ep.rosidl_typesupport_c.c.o[0m
[ 87%] [32mBuilding C object CMakeFiles/custom_msgs__rosidl_typesupport_introspection_c__pyext.dir/rosidl_generator_py/custom_msgs/_custom_msgs_s.ep.rosidl_typesupport_introspection_c.c.o[0m
[ 90%] [32mBuilding C object CMakeFiles/custom_msgs__rosidl_typesupport_fastrtps_c__pyext.dir/rosidl_generator_py/custom_msgs/_custom_msgs_s.ep.rosidl_typesupport_fastrtps_c.c.o[0m
[ 93%] [32m[1mLinking C shared library rosidl_generator_py/custom_msgs/custom_msgs_s__rosidl_typesupport_c.cpython-38-aarch64-linux-gnu.so[0m
[ 96%] [32m[1mLinking C shared library rosidl_generator_py/custom_msgs/custom_msgs_s__rosidl_typesupport_introspection_c.cpython-38-aarch64-linux-gnu.so[0m
[ 96%] Built target custom_msgs__rosidl_typesupport_c__pyext
[100%] [32m[1mLinking CXX shared library rosidl_generator_py/custom_msgs/custom_msgs_s__rosidl_typesupport_fastrtps_c.cpython-38-aarch64-linux-gnu.so[0m
[100%] Built target custom_msgs__rosidl_typesupport_introspection_c__pyext
[100%] Built target custom_msgs__rosidl_typesupport_fastrtps_c__pyext
-- Install configuration: ""
-- Installing: /home/racecar/racecar_ws/src/lab1c/custom_msgs/install/custom_msgs/share/ament_index/resource_index/rosidl_interfaces/custom_msgs
-- Installing: /home/racecar/racecar_ws/src/lab1c/custom_msgs/install/custom_msgs/include/custom_msgs
-- Installing: /home/racecar/racecar_ws/src/lab1c/custom_msgs/install/custom_msgs/include/custom_msgs/msg
-- Installing: /home/racecar/racecar_ws/src/lab1c/custom_msgs/install/custom_msgs/include/custom_msgs/msg/open_space.h
-- Installing: /home/racecar/racecar_ws/src/lab1c/custom_msgs/install/custom_msgs/include/custom_msgs/msg/rosidl_generator_c__visibility_control.h
-- Installing: /home/racecar/racecar_ws/src/lab1c/custom_msgs/install/custom_msgs/include/custom_msgs/msg/detail
-- Installing: /home/racecar/racecar_ws/src/lab1c/custom_msgs/install/custom_msgs/include/custom_msgs/msg/detail/open_space__type_support.h
-- Installing: /home/racecar/racecar_ws/src/lab1c/custom_msgs/install/custom_msgs/include/custom_msgs/msg/detail/open_space__functions.h
-- Installing: /home/racecar/racecar_ws/src/lab1c/custom_msgs/install/custom_msgs/include/custom_msgs/msg/detail/open_space__struct.h
-- Installing: /home/racecar/racecar_ws/src/lab1c/custom_msgs/install/custom_msgs/include/custom_msgs/msg/detail/open_space__functions.c
-- Installing: /home/racecar/racecar_ws/src/lab1c/custom_msgs/install/custom_msgs/share/custom_msgs/environment/library_path.sh
-- Installing: /home/racecar/racecar_ws/src/lab1c/custom_msgs/install/custom_msgs/share/custom_msgs/environment/library_path.dsv
-- Installing: /home/racecar/racecar_ws/src/lab1c/custom_msgs/install/custom_msgs/lib/libcustom_msgs__rosidl_generator_c.so
-- Set runtime path of "/home/racecar/racecar_ws/src/lab1c/custom_msgs/install/custom_msgs/lib/libcustom_msgs__rosidl_generator_c.so" to ""
-- Up-to-date: /home/racecar/racecar_ws/src/lab1c/custom_msgs/install/custom_msgs/include/custom_msgs
-- Up-to-date: /home/racecar/racecar_ws/src/lab1c/custom_msgs/install/custom_msgs/include/custom_msgs/msg
-- Up-to-date: /home/racecar/racecar_ws/src/lab1c/custom_msgs/install/custom_msgs/include/custom_msgs/msg/detail
-- Installing: /home/racecar/racecar_ws/src/lab1c/custom_msgs/install/custom_msgs/include/custom_msgs/msg/detail/open_space__rosidl_typesupport_fastrtps_c.h
-- Installing: /home/racecar/racecar_ws/src/lab1c/custom_msgs/install/custom_msgs/include/custom_msgs/msg/rosidl_typesupport_fastrtps_c__visibility_control.h
-- Installing: /home/racecar/racecar_ws/src/lab1c/custom_msgs/install/custom_msgs/lib/libcustom_msgs__rosidl_typesupport_fastrtps_c.so
-- Set runtime path of "/home/racecar/racecar_ws/src/lab1c/custom_msgs/install/custom_msgs/lib/libcustom_msgs__rosidl_typesupport_fastrtps_c.so" to ""
-- Up-to-date: /home/racecar/racecar_ws/src/lab1c/custom_msgs/install/custom_msgs/include/custom_msgs
-- Up-to-date: /home/racecar/racecar_ws/src/lab1c/custom_msgs/install/custom_msgs/include/custom_msgs/msg
-- Installing: /home/racecar/racecar_ws/src/lab1c/custom_msgs/install/custom_msgs/include/custom_msgs/msg/rosidl_typesupport_fastrtps_cpp__visibility_control.h
-- Up-to-date: /home/racecar/racecar_ws/src/lab1c/custom_msgs/install/custom_msgs/include/custom_msgs/msg/detail
-- Installing: /home/racecar/racecar_ws/src/lab1c/custom_msgs/install/custom_msgs/include/custom_msgs/msg/detail/open_space__rosidl_typesupport_fastrtps_cpp.hpp
-- Installing: /home/racecar/racecar_ws/src/lab1c/custom_msgs/install/custom_msgs/include/custom_msgs/msg/detail/dds_fastrtps
-- Installing: /home/racecar/racecar_ws/src/lab1c/custom_msgs/install/custom_msgs/lib/libcustom_msgs__rosidl_typesupport_fastrtps_cpp.so
-- Set runtime path of "/home/racecar/racecar_ws/src/lab1c/custom_msgs/install/custom_msgs/lib/libcustom_msgs__rosidl_typesupport_fastrtps_cpp.so" to ""
-- Up-to-date: /home/racecar/racecar_ws/src/lab1c/custom_msgs/install/custom_msgs/include/custom_msgs
-- Up-to-date: /home/racecar/racecar_ws/src/lab1c/custom_msgs/install/custom_msgs/include/custom_msgs/msg
-- Up-to-date: /home/racecar/racecar_ws/src/lab1c/custom_msgs/install/custom_msgs/include/custom_msgs/msg/detail
-- Installing: /home/racecar/racecar_ws/src/lab1c/custom_msgs/install/custom_msgs/include/custom_msgs/msg/detail/open_space__rosidl_typesupport_introspection_c.h
-- Installing: /home/racecar/racecar_ws/src/lab1c/custom_msgs/install/custom_msgs/include/custom_msgs/msg/detail/open_space__type_support.c
-- Installing: /home/racecar/racecar_ws/src/lab1c/custom_msgs/install/custom_msgs/include/custom_msgs/msg/rosidl_typesupport_introspection_c__visibility_control.h
-- Installing: /home/racecar/racecar_ws/src/lab1c/custom_msgs/install/custom_msgs/lib/libcustom_msgs__rosidl_typesupport_introspection_c.so
-- Set runtime path of "/home/racecar/racecar_ws/src/lab1c/custom_msgs/install/custom_msgs/lib/libcustom_msgs__rosidl_typesupport_introspection_c.so" to ""
-- Installing: /home/racecar/racecar_ws/src/lab1c/custom_msgs/install/custom_msgs/lib/libcustom_msgs__rosidl_typesupport_c.so
-- Set runtime path of "/home/racecar/racecar_ws/src/lab1c/custom_msgs/install/custom_msgs/lib/libcustom_msgs__rosidl_typesupport_c.so" to ""
-- Up-to-date: /home/racecar/racecar_ws/src/lab1c/custom_msgs/install/custom_msgs/include/custom_msgs
-- Up-to-date: /home/racecar/racecar_ws/src/lab1c/custom_msgs/install/custom_msgs/include/custom_msgs/msg
-- Up-to-date: /home/racecar/racecar_ws/src/lab1c/custom_msgs/install/custom_msgs/include/custom_msgs/msg/detail
-- Installing: /home/racecar/racecar_ws/src/lab1c/custom_msgs/install/custom_msgs/include/custom_msgs/msg/detail/open_space__traits.hpp
-- Installing: /home/racecar/racecar_ws/src/lab1c/custom_msgs/install/custom_msgs/include/custom_msgs/msg/detail/open_space__struct.hpp
-- Installing: /home/racecar/racecar_ws/src/lab1c/custom_msgs/install/custom_msgs/include/custom_msgs/msg/detail/open_space__builder.hpp
-- Installing: /home/racecar/racecar_ws/src/lab1c/custom_msgs/install/custom_msgs/include/custom_msgs/msg/detail/open_space__type_support.hpp
-- Installing: /home/racecar/racecar_ws/src/lab1c/custom_msgs/install/custom_msgs/include/custom_msgs/msg/rosidl_generator_cpp__visibility_control.hpp
-- Installing: /home/racecar/racecar_ws/src/lab1c/custom_msgs/install/custom_msgs/include/custom_msgs/msg/open_space.hpp
-- Up-to-date: /home/racecar/racecar_ws/src/lab1c/custom_msgs/install/custom_msgs/include/custom_msgs
-- Up-to-date: /home/racecar/racecar_ws/src/lab1c/custom_msgs/install/custom_msgs/include/custom_msgs/msg
-- Up-to-date: /home/racecar/racecar_ws/src/lab1c/custom_msgs/install/custom_msgs/include/custom_msgs/msg/detail
-- Installing: /home/racecar/racecar_ws/src/lab1c/custom_msgs/install/custom_msgs/include/custom_msgs/msg/detail/open_space__type_support.cpp
-- Installing: /home/racecar/racecar_ws/src/lab1c/custom_msgs/install/custom_msgs/include/custom_msgs/msg/detail/open_space__rosidl_typesupport_introspection_cpp.hpp
-- Installing: /home/racecar/racecar_ws/src/lab1c/custom_msgs/install/custom_msgs/lib/libcustom_msgs__rosidl_typesupport_introspection_cpp.so
-- Set runtime path of "/home/racecar/racecar_ws/src/lab1c/custom_msgs/install/custom_msgs/lib/libcustom_msgs__rosidl_typesupport_introspection_cpp.so" to ""
-- Installing: /home/racecar/racecar_ws/src/lab1c/custom_msgs/install/custom_msgs/lib/libcustom_msgs__rosidl_typesupport_cpp.so
-- Set runtime path of "/home/racecar/racecar_ws/src/lab1c/custom_msgs/install/custom_msgs/lib/libcustom_msgs__rosidl_typesupport_cpp.so" to ""
-- Installing: /home/racecar/racecar_ws/src/lab1c/custom_msgs/install/custom_msgs/share/custom_msgs/environment/pythonpath.sh
-- Installing: /home/racecar/racecar_ws/src/lab1c/custom_msgs/install/custom_msgs/share/custom_msgs/environment/pythonpath.dsv
-- Installing: /home/racecar/racecar_ws/src/lab1c/custom_msgs/install/custom_msgs/lib/python3.8/site-packages/custom_msgs/__init__.py
Compiling '/home/racecar/racecar_ws/src/lab1c/custom_msgs/install/custom_msgs/lib/python3.8/site-packages/custom_msgs/__init__.py'...
-- Installing: /home/racecar/racecar_ws/src/lab1c/custom_msgs/install/custom_msgs/lib/python3.8/site-packages/custom_msgs/msg
-- Installing: /home/racecar/racecar_ws/src/lab1c/custom_msgs/install/custom_msgs/lib/python3.8/site-packages/custom_msgs/msg/_open_space.py
-- Installing: /home/racecar/racecar_ws/src/lab1c/custom_msgs/install/custom_msgs/lib/python3.8/site-packages/custom_msgs/msg/__init__.py
-- Installing: /home/racecar/racecar_ws/src/lab1c/custom_msgs/install/custom_msgs/lib/python3.8/site-packages/custom_msgs/msg/_open_space_s.c
-- Installing: /home/racecar/racecar_ws/src/lab1c/custom_msgs/install/custom_msgs/lib/python3.8/site-packages/custom_msgs/custom_msgs_s__rosidl_typesupport_fastrtps_c.cpython-38-aarch64-linux-gnu.so
-- Set runtime path of "/home/racecar/racecar_ws/src/lab1c/custom_msgs/install/custom_msgs/lib/python3.8/site-packages/custom_msgs/custom_msgs_s__rosidl_typesupport_fastrtps_c.cpython-38-aarch64-linux-gnu.so" to ""
-- Installing: /home/racecar/racecar_ws/src/lab1c/custom_msgs/install/custom_msgs/lib/python3.8/site-packages/custom_msgs/custom_msgs_s__rosidl_typesupport_introspection_c.cpython-38-aarch64-linux-gnu.so
-- Set runtime path of "/home/racecar/racecar_ws/src/lab1c/custom_msgs/install/custom_msgs/lib/python3.8/site-packages/custom_msgs/custom_msgs_s__rosidl_typesupport_introspection_c.cpython-38-aarch64-linux-gnu.so" to ""
-- Installing: /home/racecar/racecar_ws/src/lab1c/custom_msgs/install/custom_msgs/lib/python3.8/site-packages/custom_msgs/custom_msgs_s__rosidl_typesupport_c.cpython-38-aarch64-linux-gnu.so
-- Set runtime path of "/home/racecar/racecar_ws/src/lab1c/custom_msgs/install/custom_msgs/lib/python3.8/site-packages/custom_msgs/custom_msgs_s__rosidl_typesupport_c.cpython-38-aarch64-linux-gnu.so" to ""
-- Installing: /home/racecar/racecar_ws/src/lab1c/custom_msgs/install/custom_msgs/lib/libcustom_msgs__python.so
-- Set runtime path of "/home/racecar/racecar_ws/src/lab1c/custom_msgs/install/custom_msgs/lib/libcustom_msgs__python.so" to ""
-- Installing: /home/racecar/racecar_ws/src/lab1c/custom_msgs/install/custom_msgs/share/custom_msgs/msg/OpenSpace.idl
-- Installing: /home/racecar/racecar_ws/src/lab1c/custom_msgs/install/custom_msgs/share/custom_msgs/msg/OpenSpace.msg
-- Installing: /home/racecar/racecar_ws/src/lab1c/custom_msgs/install/custom_msgs/share/ament_index/resource_index/package_run_dependencies/custom_msgs
-- Installing: /home/racecar/racecar_ws/src/lab1c/custom_msgs/install/custom_msgs/share/ament_index/resource_index/parent_prefix_path/custom_msgs
-- Installing: /home/racecar/racecar_ws/src/lab1c/custom_msgs/install/custom_msgs/share/custom_msgs/environment/ament_prefix_path.sh
-- Installing: /home/racecar/racecar_ws/src/lab1c/custom_msgs/install/custom_msgs/share/custom_msgs/environment/ament_prefix_path.dsv
-- Installing: /home/racecar/racecar_ws/src/lab1c/custom_msgs/install/custom_msgs/share/custom_msgs/environment/path.sh
-- Installing: /home/racecar/racecar_ws/src/lab1c/custom_msgs/install/custom_msgs/share/custom_msgs/environment/path.dsv
-- Installing: /home/racecar/racecar_ws/src/lab1c/custom_msgs/install/custom_msgs/share/custom_msgs/local_setup.bash
-- Installing: /home/racecar/racecar_ws/src/lab1c/custom_msgs/install/custom_msgs/share/custom_msgs/local_setup.sh
-- Installing: /home/racecar/racecar_ws/src/lab1c/custom_msgs/install/custom_msgs/share/custom_msgs/local_setup.zsh
-- Installing: /home/racecar/racecar_ws/src/lab1c/custom_msgs/install/custom_msgs/share/custom_msgs/local_setup.dsv
-- Installing: /home/racecar/racecar_ws/src/lab1c/custom_msgs/install/custom_msgs/share/custom_msgs/package.dsv
-- Installing: /home/racecar/racecar_ws/src/lab1c/custom_msgs/install/custom_msgs/share/ament_index/resource_index/packages/custom_msgs
-- Installing: /home/racecar/racecar_ws/src/lab1c/custom_msgs/install/custom_msgs/share/custom_msgs/cmake/custom_msgs__rosidl_generator_cExport.cmake
-- Installing: /home/racecar/racecar_ws/src/lab1c/custom_msgs/install/custom_msgs/share/custom_msgs/cmake/custom_msgs__rosidl_generator_cExport-noconfig.cmake
-- Installing: /home/racecar/racecar_ws/src/lab1c/custom_msgs/install/custom_msgs/share/custom_msgs/cmake/custom_msgs__rosidl_typesupport_introspection_cExport.cmake
-- Installing: /home/racecar/racecar_ws/src/lab1c/custom_msgs/install/custom_msgs/share/custom_msgs/cmake/custom_msgs__rosidl_typesupport_introspection_cExport-noconfig.cmake
-- Installing: /home/racecar/racecar_ws/src/lab1c/custom_msgs/install/custom_msgs/share/custom_msgs/cmake/custom_msgs__rosidl_typesupport_cExport.cmake
-- Installing: /home/racecar/racecar_ws/src/lab1c/custom_msgs/install/custom_msgs/share/custom_msgs/cmake/custom_msgs__rosidl_typesupport_cExport-noconfig.cmake
-- Installing: /home/racecar/racecar_ws/src/lab1c/custom_msgs/install/custom_msgs/share/custom_msgs/cmake/custom_msgs__rosidl_generator_cppExport.cmake
-- Installing: /home/racecar/racecar_ws/src/lab1c/custom_msgs/install/custom_msgs/share/custom_msgs/cmake/custom_msgs__rosidl_typesupport_introspection_cppExport.cmake
-- Installing: /home/racecar/racecar_ws/src/lab1c/custom_msgs/install/custom_msgs/share/custom_msgs/cmake/custom_msgs__rosidl_typesupport_introspection_cppExport-noconfig.cmake
-- Installing: /home/racecar/racecar_ws/src/lab1c/custom_msgs/install/custom_msgs/share/custom_msgs/cmake/custom_msgs__rosidl_typesupport_cppExport.cmake
-- Installing: /home/racecar/racecar_ws/src/lab1c/custom_msgs/install/custom_msgs/share/custom_msgs/cmake/custom_msgs__rosidl_typesupport_cppExport-noconfig.cmake
-- Installing: /home/racecar/racecar_ws/src/lab1c/custom_msgs/install/custom_msgs/share/custom_msgs/cmake/rosidl_cmake-extras.cmake
-- Installing: /home/racecar/racecar_ws/src/lab1c/custom_msgs/install/custom_msgs/share/custom_msgs/cmake/ament_cmake_export_dependencies-extras.cmake
-- Installing: /home/racecar/racecar_ws/src/lab1c/custom_msgs/install/custom_msgs/share/custom_msgs/cmake/ament_cmake_export_libraries-extras.cmake
-- Installing: /home/racecar/racecar_ws/src/lab1c/custom_msgs/install/custom_msgs/share/custom_msgs/cmake/ament_cmake_export_targets-extras.cmake
-- Installing: /home/racecar/racecar_ws/src/lab1c/custom_msgs/install/custom_msgs/share/custom_msgs/cmake/ament_cmake_export_include_directories-extras.cmake
-- Installing: /home/racecar/racecar_ws/src/lab1c/custom_msgs/install/custom_msgs/share/custom_msgs/cmake/rosidl_cmake_export_typesupport_libraries-extras.cmake
-- Installing: /home/racecar/racecar_ws/src/lab1c/custom_msgs/install/custom_msgs/share/custom_msgs/cmake/rosidl_cmake_export_typesupport_targets-extras.cmake
-- Installing: /home/racecar/racecar_ws/src/lab1c/custom_msgs/install/custom_msgs/share/custom_msgs/cmake/custom_msgsConfig.cmake
-- Installing: /home/racecar/racecar_ws/src/lab1c/custom_msgs/install/custom_msgs/share/custom_msgs/cmake/custom_msgsConfig-version.cmake
-- Installing: /home/racecar/racecar_ws/src/lab1c/custom_msgs/install/custom_msgs/share/custom_msgs/package.xml
