[0.082s] Invoking command in '/home/racecar/racecar_ws/src/lab1c/custom_msgs/build/custom_msgs': CMAKE_PREFIX_PATH=${CMAKE_PREFIX_PATH}:/opt/ros/foxy /usr/bin/cmake /home/racecar/racecar_ws/src/lab1c/custom_msgs -DCMAKE_INSTALL_PREFIX=/home/racecar/racecar_ws/src/lab1c/custom_msgs/install/custom_msgs
[0.286s] -- The C compiler identification is GNU 9.4.0
[0.412s] -- The CXX compiler identification is GNU 9.4.0
[0.419s] -- Check for working C compiler: /usr/bin/cc
[0.513s] -- Check for working C compiler: /usr/bin/cc -- works
[0.514s] -- Detecting C compiler ABI info
[0.602s] -- Detecting C compiler ABI info - done
[0.611s] -- Detecting C compile features
[0.612s] -- Detecting C compile features - done
[0.618s] -- Check for working CXX compiler: /usr/bin/c++
[0.704s] -- Check for working CXX compiler: /usr/bin/c++ -- works
[0.705s] -- Detecting CXX compiler ABI info
[0.791s] -- Detecting CXX compiler ABI info - done
[0.800s] -- Detecting CXX compile features
[0.801s] -- Detecting CXX compile features - done
[0.810s] -- Found ament_cmake: 0.9.12 (/opt/ros/foxy/share/ament_cmake/cmake)
[0.827s] -- Found PythonInterp: /usr/bin/python3 (found suitable version "3.8.10", minimum required is "3") 
[0.827s] -- Using PYTHON_EXECUTABLE: /usr/bin/python3
[0.950s] -- Found rosidl_default_generators: 1.0.1 (/opt/ros/foxy/share/rosidl_default_generators/cmake)
[0.957s] -- Using all available rosidl_typesupport_c: rosidl_typesupport_fastrtps_c;rosidl_typesupport_introspection_c
[0.964s] -- Found rosidl_adapter: 1.3.1 (/opt/ros/foxy/share/rosidl_adapter/cmake)
[1.055s] -- Found OpenSSL: /usr/lib/aarch64-linux-gnu/libcrypto.so (found version "1.1.1f")  
[1.078s] -- Found FastRTPS: /opt/ros/foxy/include  
[1.140s] -- Using all available rosidl_typesupport_cpp: rosidl_typesupport_fastrtps_cpp;rosidl_typesupport_introspection_cpp
[1.178s] -- Found PythonInterp: /usr/bin/python3 (found version "3.8.10") 
[1.271s] -- Found ament_cmake_ros: 0.9.2 (/opt/ros/foxy/share/ament_cmake_ros/cmake)
[1.385s] -- Using all available rosidl_typesupport_c: rosidl_typesupport_fastrtps_c;rosidl_typesupport_introspection_c
[1.419s] -- Using all available rosidl_typesupport_cpp: rosidl_typesupport_fastrtps_cpp;rosidl_typesupport_introspection_cpp
[1.432s] -- Found PythonInterp: /usr/bin/python3 (found suitable version "3.8.10", minimum required is "3.5") 
[1.434s] -- Found python_cmake_module: 0.8.1 (/opt/ros/foxy/share/python_cmake_module/cmake)
[1.454s] -- Found PythonLibs: /usr/lib/aarch64-linux-gnu/libpython3.8.so (found suitable version "3.8.10", minimum required is "3.5") 
[1.455s] -- Using PYTHON_EXECUTABLE: /usr/bin/python3
[1.455s] -- Using PYTHON_INCLUDE_DIRS: /usr/include/python3.8
[1.455s] -- Using PYTHON_LIBRARIES: /usr/lib/aarch64-linux-gnu/libpython3.8.so
[1.466s] -- Found PythonExtra: .so  
[1.506s] -- Found ament_lint_auto: 0.9.8 (/opt/ros/foxy/share/ament_lint_auto/cmake)
[1.549s] -- Added test 'copyright' to check source files copyright and LICENSE
[1.658s] -- Added test 'cppcheck' to perform static code analysis on C / C++ code
[1.660s] -- Configured cppcheck include dirs: $<BUILD_INTERFACE:/home/racecar/racecar_ws/src/lab1c/custom_msgs/build/custom_msgs/rosidl_generator_c>;/home/racecar/racecar_ws/src/lab1c/custom_msgs/build/custom_msgs/rosidl_generator_c;/home/racecar/racecar_ws/src/lab1c/custom_msgs/build/custom_msgs/rosidl_generator_cpp;/home/racecar/racecar_ws/src/lab1c/custom_msgs/build/custom_msgs/rosidl_typesupport_fastrtps_c;/home/racecar/racecar_ws/src/lab1c/custom_msgs/build/custom_msgs/rosidl_typesupport_fastrtps_cpp;$<BUILD_INTERFACE:/home/racecar/racecar_ws/src/lab1c/custom_msgs/build/custom_msgs/rosidl_typesupport_introspection_c>;$<BUILD_INTERFACE:/home/racecar/racecar_ws/src/lab1c/custom_msgs/build/custom_msgs/rosidl_typesupport_c>;$<BUILD_INTERFACE:/home/racecar/racecar_ws/src/lab1c/custom_msgs/build/custom_msgs/rosidl_generator_cpp>;/home/racecar/racecar_ws/src/lab1c/custom_msgs/build/custom_msgs/rosidl_generator_py
[1.660s] -- Configured cppcheck exclude dirs and/or files: 
[1.769s] -- Added test 'cpplint' to check C / C++ code against the Google style
[1.769s] -- Configured cpplint exclude dirs and/or files: 
[1.784s] -- Added test 'flake8' to check Python code syntax and style conventions
[1.814s] -- Added test 'lint_cmake' to check CMake code style
[1.829s] -- Added test 'pep257' to check Python code against some of the style conventions in PEP 257
[1.945s] -- Added test 'uncrustify' to check C / C++ code style
[1.946s] -- Configured uncrustify additional arguments: 
[1.961s] -- Added test 'xmllint' to check XML markup files
[1.980s] -- Configuring done
[2.099s] -- Generating done
[2.119s] -- Build files have been written to: /home/racecar/racecar_ws/src/lab1c/custom_msgs/build/custom_msgs
[2.122s] Invoked command in '/home/racecar/racecar_ws/src/lab1c/custom_msgs/build/custom_msgs' returned '0': CMAKE_PREFIX_PATH=${CMAKE_PREFIX_PATH}:/opt/ros/foxy /usr/bin/cmake /home/racecar/racecar_ws/src/lab1c/custom_msgs -DCMAKE_INSTALL_PREFIX=/home/racecar/racecar_ws/src/lab1c/custom_msgs/install/custom_msgs
[2.125s] Invoking command in '/home/racecar/racecar_ws/src/lab1c/custom_msgs/build/custom_msgs': CMAKE_PREFIX_PATH=${CMAKE_PREFIX_PATH}:/opt/ros/foxy /usr/bin/cmake --build /home/racecar/racecar_ws/src/lab1c/custom_msgs/build/custom_msgs -- -j8 -l8
[2.151s] [35m[1mScanning dependencies of target custom_msgs__cpp[0m
[2.152s] [  3%] [34m[1mGenerating C code for ROS interfaces[0m
[2.160s] [  6%] [34m[1mGenerating C++ code for ROS interfaces[0m
[2.282s] [35m[1mScanning dependencies of target custom_msgs__rosidl_generator_c[0m
[2.283s] [  6%] Built target custom_msgs__cpp
[2.293s] [ 16%] [34m[1mGenerating C++ type support dispatch for ROS interfaces[0m
[2.295s] [ 16%] [34m[1mGenerating C++ introspection for ROS interfaces[0m
[2.295s] [ 16%] [34m[1mGenerating C++ type support for eProsima Fast-RTPS[0m
[2.323s] [ 19%] [32mBuilding C object CMakeFiles/custom_msgs__rosidl_generator_c.dir/rosidl_generator_c/custom_msgs/msg/detail/open_space__functions.c.o[0m
[2.409s] [ 22%] [32m[1mLinking C shared library libcustom_msgs__rosidl_generator_c.so[0m
[2.425s] [35m[1mScanning dependencies of target custom_msgs__rosidl_typesupport_cpp[0m
[2.430s] [35m[1mScanning dependencies of target custom_msgs__rosidl_typesupport_fastrtps_cpp[0m
[2.431s] [35m[1mScanning dependencies of target custom_msgs__rosidl_typesupport_introspection_cpp[0m
[2.445s] [ 22%] Built target custom_msgs__rosidl_generator_c
[2.457s] [ 29%] [34m[1mGenerating C type support dispatch for ROS interfaces[0m
[2.458s] [ 29%] [34m[1mGenerating C introspection for ROS interfaces[0m
[2.465s] [ 32%] [32mBuilding CXX object CMakeFiles/custom_msgs__rosidl_typesupport_cpp.dir/rosidl_typesupport_cpp/custom_msgs/msg/open_space__type_support.cpp.o[0m
[2.475s] [ 35%] [32mBuilding CXX object CMakeFiles/custom_msgs__rosidl_typesupport_introspection_cpp.dir/rosidl_typesupport_introspection_cpp/custom_msgs/msg/detail/open_space__type_support.cpp.o[0m
[2.506s] [ 38%] [32mBuilding CXX object CMakeFiles/custom_msgs__rosidl_typesupport_fastrtps_cpp.dir/rosidl_typesupport_fastrtps_cpp/custom_msgs/msg/detail/dds_fastrtps/open_space__type_support.cpp.o[0m
[2.570s] [35m[1mScanning dependencies of target custom_msgs__rosidl_typesupport_c[0m
[2.585s] [35m[1mScanning dependencies of target custom_msgs__rosidl_typesupport_introspection_c[0m
[2.613s] [ 41%] [32mBuilding CXX object CMakeFiles/custom_msgs__rosidl_typesupport_c.dir/rosidl_typesupport_c/custom_msgs/msg/open_space__type_support.cpp.o[0m
[2.645s] [ 45%] [32mBuilding C object CMakeFiles/custom_msgs__rosidl_typesupport_introspection_c.dir/rosidl_typesupport_introspection_c/custom_msgs/msg/detail/open_space__type_support.c.o[0m
[2.672s] [ 48%] [32m[1mLinking CXX shared library libcustom_msgs__rosidl_typesupport_c.so[0m
[2.711s] [ 51%] [32m[1mLinking C shared library libcustom_msgs__rosidl_typesupport_introspection_c.so[0m
[2.719s] [ 51%] Built target custom_msgs__rosidl_typesupport_c
[2.730s] [ 58%] [32m[1mLinking CXX shared library libcustom_msgs__rosidl_typesupport_cpp.so[0m
[2.731s] [ 58%] [32m[1mLinking CXX shared library libcustom_msgs__rosidl_typesupport_introspection_cpp.so[0m
[2.746s] [ 58%] Built target custom_msgs__rosidl_typesupport_introspection_c
[2.759s] [ 58%] Built target custom_msgs__rosidl_typesupport_introspection_cpp
[2.760s] [ 58%] Built target custom_msgs__rosidl_typesupport_cpp
[2.819s] [ 61%] [32m[1mLinking CXX shared library libcustom_msgs__rosidl_typesupport_fastrtps_cpp.so[0m
[2.870s] [ 61%] Built target custom_msgs__rosidl_typesupport_fastrtps_cpp
[2.878s] [ 64%] [34m[1mGenerating C type support for eProsima Fast-RTPS[0m
[2.988s] [35m[1mScanning dependencies of target custom_msgs__rosidl_typesupport_fastrtps_c[0m
[3.023s] [ 67%] [32mBuilding CXX object CMakeFiles/custom_msgs__rosidl_typesupport_fastrtps_c.dir/rosidl_typesupport_fastrtps_c/custom_msgs/msg/detail/open_space__type_support_c.cpp.o[0m
[3.215s] [ 70%] [32m[1mLinking CXX shared library libcustom_msgs__rosidl_typesupport_fastrtps_c.so[0m
[3.272s] [ 70%] Built target custom_msgs__rosidl_typesupport_fastrtps_c
[3.278s] [35m[1mScanning dependencies of target custom_msgs[0m
[3.286s] [ 70%] Built target custom_msgs
[3.293s] [35m[1mScanning dependencies of target custom_msgs__py[0m
[3.301s] [ 74%] [34m[1mGenerating Python code for ROS interfaces[0m
[3.514s] [ 74%] Built target custom_msgs__py
[3.520s] [35m[1mScanning dependencies of target custom_msgs__python[0m
[3.614s] [ 77%] [32mBuilding C object CMakeFiles/custom_msgs__python.dir/rosidl_generator_py/custom_msgs/msg/_open_space_s.c.o[0m
[3.687s] [ 80%] [32m[1mLinking C shared library rosidl_generator_py/custom_msgs/libcustom_msgs__python.so[0m
[3.712s] [ 80%] Built target custom_msgs__python
[3.720s] [35m[1mScanning dependencies of target custom_msgs__rosidl_typesupport_fastrtps_c__pyext[0m
[3.721s] [35m[1mScanning dependencies of target custom_msgs__rosidl_typesupport_introspection_c__pyext[0m
[3.721s] [35m[1mScanning dependencies of target custom_msgs__rosidl_typesupport_c__pyext[0m
[3.846s] [ 87%] [32mBuilding C object CMakeFiles/custom_msgs__rosidl_typesupport_c__pyext.dir/rosidl_generator_py/custom_msgs/_custom_msgs_s.ep.rosidl_typesupport_c.c.o[0m
[3.847s] [ 87%] [32mBuilding C object CMakeFiles/custom_msgs__rosidl_typesupport_introspection_c__pyext.dir/rosidl_generator_py/custom_msgs/_custom_msgs_s.ep.rosidl_typesupport_introspection_c.c.o[0m
[3.858s] [ 90%] [32mBuilding C object CMakeFiles/custom_msgs__rosidl_typesupport_fastrtps_c__pyext.dir/rosidl_generator_py/custom_msgs/_custom_msgs_s.ep.rosidl_typesupport_fastrtps_c.c.o[0m
[3.919s] [ 93%] [32m[1mLinking C shared library rosidl_generator_py/custom_msgs/custom_msgs_s__rosidl_typesupport_c.cpython-38-aarch64-linux-gnu.so[0m
[3.924s] [ 96%] [32m[1mLinking C shared library rosidl_generator_py/custom_msgs/custom_msgs_s__rosidl_typesupport_introspection_c.cpython-38-aarch64-linux-gnu.so[0m
[3.944s] [ 96%] Built target custom_msgs__rosidl_typesupport_c__pyext
[3.951s] [100%] [32m[1mLinking CXX shared library rosidl_generator_py/custom_msgs/custom_msgs_s__rosidl_typesupport_fastrtps_c.cpython-38-aarch64-linux-gnu.so[0m
[3.954s] [100%] Built target custom_msgs__rosidl_typesupport_introspection_c__pyext
[3.989s] [100%] Built target custom_msgs__rosidl_typesupport_fastrtps_c__pyext
[3.997s] Invoked command in '/home/racecar/racecar_ws/src/lab1c/custom_msgs/build/custom_msgs' returned '0': CMAKE_PREFIX_PATH=${CMAKE_PREFIX_PATH}:/opt/ros/foxy /usr/bin/cmake --build /home/racecar/racecar_ws/src/lab1c/custom_msgs/build/custom_msgs -- -j8 -l8
[4.028s] Invoking command in '/home/racecar/racecar_ws/src/lab1c/custom_msgs/build/custom_msgs': CMAKE_PREFIX_PATH=${CMAKE_PREFIX_PATH}:/opt/ros/foxy /usr/bin/cmake --install /home/racecar/racecar_ws/src/lab1c/custom_msgs/build/custom_msgs
[4.032s] -- Install configuration: ""
[4.034s] -- Installing: /home/racecar/racecar_ws/src/lab1c/custom_msgs/install/custom_msgs/share/ament_index/resource_index/rosidl_interfaces/custom_msgs
[4.036s] -- Installing: /home/racecar/racecar_ws/src/lab1c/custom_msgs/install/custom_msgs/include/custom_msgs
[4.037s] -- Installing: /home/racecar/racecar_ws/src/lab1c/custom_msgs/install/custom_msgs/include/custom_msgs/msg
[4.038s] -- Installing: /home/racecar/racecar_ws/src/lab1c/custom_msgs/install/custom_msgs/include/custom_msgs/msg/open_space.h
[4.040s] -- Installing: /home/racecar/racecar_ws/src/lab1c/custom_msgs/install/custom_msgs/include/custom_msgs/msg/rosidl_generator_c__visibility_control.h
[4.041s] -- Installing: /home/racecar/racecar_ws/src/lab1c/custom_msgs/install/custom_msgs/include/custom_msgs/msg/detail
[4.042s] -- Installing: /home/racecar/racecar_ws/src/lab1c/custom_msgs/install/custom_msgs/include/custom_msgs/msg/detail/open_space__type_support.h
[4.044s] -- Installing: /home/racecar/racecar_ws/src/lab1c/custom_msgs/install/custom_msgs/include/custom_msgs/msg/detail/open_space__functions.h
[4.046s] -- Installing: /home/racecar/racecar_ws/src/lab1c/custom_msgs/install/custom_msgs/include/custom_msgs/msg/detail/open_space__struct.h
[4.047s] -- Installing: /home/racecar/racecar_ws/src/lab1c/custom_msgs/install/custom_msgs/include/custom_msgs/msg/detail/open_space__functions.c
[4.050s] -- Installing: /home/racecar/racecar_ws/src/lab1c/custom_msgs/install/custom_msgs/share/custom_msgs/environment/library_path.sh
[4.051s] -- Installing: /home/racecar/racecar_ws/src/lab1c/custom_msgs/install/custom_msgs/share/custom_msgs/environment/library_path.dsv
[4.053s] -- Installing: /home/racecar/racecar_ws/src/lab1c/custom_msgs/install/custom_msgs/lib/libcustom_msgs__rosidl_generator_c.so
[4.055s] -- Set runtime path of "/home/racecar/racecar_ws/src/lab1c/custom_msgs/install/custom_msgs/lib/libcustom_msgs__rosidl_generator_c.so" to ""
[4.056s] -- Up-to-date: /home/racecar/racecar_ws/src/lab1c/custom_msgs/install/custom_msgs/include/custom_msgs
[4.056s] -- Up-to-date: /home/racecar/racecar_ws/src/lab1c/custom_msgs/install/custom_msgs/include/custom_msgs/msg
[4.057s] -- Up-to-date: /home/racecar/racecar_ws/src/lab1c/custom_msgs/install/custom_msgs/include/custom_msgs/msg/detail
[4.057s] -- Installing: /home/racecar/racecar_ws/src/lab1c/custom_msgs/install/custom_msgs/include/custom_msgs/msg/detail/open_space__rosidl_typesupport_fastrtps_c.h
[4.059s] -- Installing: /home/racecar/racecar_ws/src/lab1c/custom_msgs/install/custom_msgs/include/custom_msgs/msg/rosidl_typesupport_fastrtps_c__visibility_control.h
[4.060s] -- Installing: /home/racecar/racecar_ws/src/lab1c/custom_msgs/install/custom_msgs/lib/libcustom_msgs__rosidl_typesupport_fastrtps_c.so
[4.063s] -- Set runtime path of "/home/racecar/racecar_ws/src/lab1c/custom_msgs/install/custom_msgs/lib/libcustom_msgs__rosidl_typesupport_fastrtps_c.so" to ""
[4.063s] -- Up-to-date: /home/racecar/racecar_ws/src/lab1c/custom_msgs/install/custom_msgs/include/custom_msgs
[4.063s] -- Up-to-date: /home/racecar/racecar_ws/src/lab1c/custom_msgs/install/custom_msgs/include/custom_msgs/msg
[4.064s] -- Installing: /home/racecar/racecar_ws/src/lab1c/custom_msgs/install/custom_msgs/include/custom_msgs/msg/rosidl_typesupport_fastrtps_cpp__visibility_control.h
[4.065s] -- Up-to-date: /home/racecar/racecar_ws/src/lab1c/custom_msgs/install/custom_msgs/include/custom_msgs/msg/detail
[4.066s] -- Installing: /home/racecar/racecar_ws/src/lab1c/custom_msgs/install/custom_msgs/include/custom_msgs/msg/detail/open_space__rosidl_typesupport_fastrtps_cpp.hpp
[4.067s] -- Installing: /home/racecar/racecar_ws/src/lab1c/custom_msgs/install/custom_msgs/include/custom_msgs/msg/detail/dds_fastrtps
[4.068s] -- Installing: /home/racecar/racecar_ws/src/lab1c/custom_msgs/install/custom_msgs/lib/libcustom_msgs__rosidl_typesupport_fastrtps_cpp.so
[4.071s] -- Set runtime path of "/home/racecar/racecar_ws/src/lab1c/custom_msgs/install/custom_msgs/lib/libcustom_msgs__rosidl_typesupport_fastrtps_cpp.so" to ""
[4.071s] -- Up-to-date: /home/racecar/racecar_ws/src/lab1c/custom_msgs/install/custom_msgs/include/custom_msgs
[4.072s] -- Up-to-date: /home/racecar/racecar_ws/src/lab1c/custom_msgs/install/custom_msgs/include/custom_msgs/msg
[4.072s] -- Up-to-date: /home/racecar/racecar_ws/src/lab1c/custom_msgs/install/custom_msgs/include/custom_msgs/msg/detail
[4.072s] -- Installing: /home/racecar/racecar_ws/src/lab1c/custom_msgs/install/custom_msgs/include/custom_msgs/msg/detail/open_space__rosidl_typesupport_introspection_c.h
[4.074s] -- Installing: /home/racecar/racecar_ws/src/lab1c/custom_msgs/install/custom_msgs/include/custom_msgs/msg/detail/open_space__type_support.c
[4.075s] -- Installing: /home/racecar/racecar_ws/src/lab1c/custom_msgs/install/custom_msgs/include/custom_msgs/msg/rosidl_typesupport_introspection_c__visibility_control.h
[4.077s] -- Installing: /home/racecar/racecar_ws/src/lab1c/custom_msgs/install/custom_msgs/lib/libcustom_msgs__rosidl_typesupport_introspection_c.so
[4.079s] -- Set runtime path of "/home/racecar/racecar_ws/src/lab1c/custom_msgs/install/custom_msgs/lib/libcustom_msgs__rosidl_typesupport_introspection_c.so" to ""
[4.080s] -- Installing: /home/racecar/racecar_ws/src/lab1c/custom_msgs/install/custom_msgs/lib/libcustom_msgs__rosidl_typesupport_c.so
[4.082s] -- Set runtime path of "/home/racecar/racecar_ws/src/lab1c/custom_msgs/install/custom_msgs/lib/libcustom_msgs__rosidl_typesupport_c.so" to ""
[4.082s] -- Up-to-date: /home/racecar/racecar_ws/src/lab1c/custom_msgs/install/custom_msgs/include/custom_msgs
[4.083s] -- Up-to-date: /home/racecar/racecar_ws/src/lab1c/custom_msgs/install/custom_msgs/include/custom_msgs/msg
[4.083s] -- Up-to-date: /home/racecar/racecar_ws/src/lab1c/custom_msgs/install/custom_msgs/include/custom_msgs/msg/detail
[4.084s] -- Installing: /home/racecar/racecar_ws/src/lab1c/custom_msgs/install/custom_msgs/include/custom_msgs/msg/detail/open_space__traits.hpp
[4.085s] -- Installing: /home/racecar/racecar_ws/src/lab1c/custom_msgs/install/custom_msgs/include/custom_msgs/msg/detail/open_space__struct.hpp
[4.086s] -- Installing: /home/racecar/racecar_ws/src/lab1c/custom_msgs/install/custom_msgs/include/custom_msgs/msg/detail/open_space__builder.hpp
[4.088s] -- Installing: /home/racecar/racecar_ws/src/lab1c/custom_msgs/install/custom_msgs/include/custom_msgs/msg/detail/open_space__type_support.hpp
[4.090s] -- Installing: /home/racecar/racecar_ws/src/lab1c/custom_msgs/install/custom_msgs/include/custom_msgs/msg/rosidl_generator_cpp__visibility_control.hpp
[4.091s] -- Installing: /home/racecar/racecar_ws/src/lab1c/custom_msgs/install/custom_msgs/include/custom_msgs/msg/open_space.hpp
[4.093s] -- Up-to-date: /home/racecar/racecar_ws/src/lab1c/custom_msgs/install/custom_msgs/include/custom_msgs
[4.093s] -- Up-to-date: /home/racecar/racecar_ws/src/lab1c/custom_msgs/install/custom_msgs/include/custom_msgs/msg
[4.094s] -- Up-to-date: /home/racecar/racecar_ws/src/lab1c/custom_msgs/install/custom_msgs/include/custom_msgs/msg/detail
[4.094s] -- Installing: /home/racecar/racecar_ws/src/lab1c/custom_msgs/install/custom_msgs/include/custom_msgs/msg/detail/open_space__type_support.cpp
[4.096s] -- Installing: /home/racecar/racecar_ws/src/lab1c/custom_msgs/install/custom_msgs/include/custom_msgs/msg/detail/open_space__rosidl_typesupport_introspection_cpp.hpp
[4.098s] -- Installing: /home/racecar/racecar_ws/src/lab1c/custom_msgs/install/custom_msgs/lib/libcustom_msgs__rosidl_typesupport_introspection_cpp.so
[4.100s] -- Set runtime path of "/home/racecar/racecar_ws/src/lab1c/custom_msgs/install/custom_msgs/lib/libcustom_msgs__rosidl_typesupport_introspection_cpp.so" to ""
[4.100s] -- Installing: /home/racecar/racecar_ws/src/lab1c/custom_msgs/install/custom_msgs/lib/libcustom_msgs__rosidl_typesupport_cpp.so
[4.103s] -- Set runtime path of "/home/racecar/racecar_ws/src/lab1c/custom_msgs/install/custom_msgs/lib/libcustom_msgs__rosidl_typesupport_cpp.so" to ""
[4.103s] -- Installing: /home/racecar/racecar_ws/src/lab1c/custom_msgs/install/custom_msgs/share/custom_msgs/environment/pythonpath.sh
[4.104s] -- Installing: /home/racecar/racecar_ws/src/lab1c/custom_msgs/install/custom_msgs/share/custom_msgs/environment/pythonpath.dsv
[4.107s] -- Installing: /home/racecar/racecar_ws/src/lab1c/custom_msgs/install/custom_msgs/lib/python3.8/site-packages/custom_msgs/__init__.py
[4.126s] Compiling '/home/racecar/racecar_ws/src/lab1c/custom_msgs/install/custom_msgs/lib/python3.8/site-packages/custom_msgs/__init__.py'...
[4.128s] -- Installing: /home/racecar/racecar_ws/src/lab1c/custom_msgs/install/custom_msgs/lib/python3.8/site-packages/custom_msgs/msg
[4.129s] -- Installing: /home/racecar/racecar_ws/src/lab1c/custom_msgs/install/custom_msgs/lib/python3.8/site-packages/custom_msgs/msg/_open_space.py
[4.131s] -- Installing: /home/racecar/racecar_ws/src/lab1c/custom_msgs/install/custom_msgs/lib/python3.8/site-packages/custom_msgs/msg/__init__.py
[4.134s] -- Installing: /home/racecar/racecar_ws/src/lab1c/custom_msgs/install/custom_msgs/lib/python3.8/site-packages/custom_msgs/msg/_open_space_s.c
[4.135s] -- Installing: /home/racecar/racecar_ws/src/lab1c/custom_msgs/install/custom_msgs/lib/python3.8/site-packages/custom_msgs/custom_msgs_s__rosidl_typesupport_fastrtps_c.cpython-38-aarch64-linux-gnu.so
[4.138s] -- Set runtime path of "/home/racecar/racecar_ws/src/lab1c/custom_msgs/install/custom_msgs/lib/python3.8/site-packages/custom_msgs/custom_msgs_s__rosidl_typesupport_fastrtps_c.cpython-38-aarch64-linux-gnu.so" to ""
[4.138s] -- Installing: /home/racecar/racecar_ws/src/lab1c/custom_msgs/install/custom_msgs/lib/python3.8/site-packages/custom_msgs/custom_msgs_s__rosidl_typesupport_introspection_c.cpython-38-aarch64-linux-gnu.so
[4.140s] -- Set runtime path of "/home/racecar/racecar_ws/src/lab1c/custom_msgs/install/custom_msgs/lib/python3.8/site-packages/custom_msgs/custom_msgs_s__rosidl_typesupport_introspection_c.cpython-38-aarch64-linux-gnu.so" to ""
[4.141s] -- Installing: /home/racecar/racecar_ws/src/lab1c/custom_msgs/install/custom_msgs/lib/python3.8/site-packages/custom_msgs/custom_msgs_s__rosidl_typesupport_c.cpython-38-aarch64-linux-gnu.so
[4.143s] -- Set runtime path of "/home/racecar/racecar_ws/src/lab1c/custom_msgs/install/custom_msgs/lib/python3.8/site-packages/custom_msgs/custom_msgs_s__rosidl_typesupport_c.cpython-38-aarch64-linux-gnu.so" to ""
[4.144s] -- Installing: /home/racecar/racecar_ws/src/lab1c/custom_msgs/install/custom_msgs/lib/libcustom_msgs__python.so
[4.146s] -- Set runtime path of "/home/racecar/racecar_ws/src/lab1c/custom_msgs/install/custom_msgs/lib/libcustom_msgs__python.so" to ""
[4.147s] -- Installing: /home/racecar/racecar_ws/src/lab1c/custom_msgs/install/custom_msgs/share/custom_msgs/msg/OpenSpace.idl
[4.148s] -- Installing: /home/racecar/racecar_ws/src/lab1c/custom_msgs/install/custom_msgs/share/custom_msgs/msg/OpenSpace.msg
[4.150s] -- Installing: /home/racecar/racecar_ws/src/lab1c/custom_msgs/install/custom_msgs/share/ament_index/resource_index/package_run_dependencies/custom_msgs
[4.153s] -- Installing: /home/racecar/racecar_ws/src/lab1c/custom_msgs/install/custom_msgs/share/ament_index/resource_index/parent_prefix_path/custom_msgs
[4.154s] -- Installing: /home/racecar/racecar_ws/src/lab1c/custom_msgs/install/custom_msgs/share/custom_msgs/environment/ament_prefix_path.sh
[4.156s] -- Installing: /home/racecar/racecar_ws/src/lab1c/custom_msgs/install/custom_msgs/share/custom_msgs/environment/ament_prefix_path.dsv
[4.157s] -- Installing: /home/racecar/racecar_ws/src/lab1c/custom_msgs/install/custom_msgs/share/custom_msgs/environment/path.sh
[4.158s] -- Installing: /home/racecar/racecar_ws/src/lab1c/custom_msgs/install/custom_msgs/share/custom_msgs/environment/path.dsv
[4.160s] -- Installing: /home/racecar/racecar_ws/src/lab1c/custom_msgs/install/custom_msgs/share/custom_msgs/local_setup.bash
[4.162s] -- Installing: /home/racecar/racecar_ws/src/lab1c/custom_msgs/install/custom_msgs/share/custom_msgs/local_setup.sh
[4.163s] -- Installing: /home/racecar/racecar_ws/src/lab1c/custom_msgs/install/custom_msgs/share/custom_msgs/local_setup.zsh
[4.165s] -- Installing: /home/racecar/racecar_ws/src/lab1c/custom_msgs/install/custom_msgs/share/custom_msgs/local_setup.dsv
[4.166s] -- Installing: /home/racecar/racecar_ws/src/lab1c/custom_msgs/install/custom_msgs/share/custom_msgs/package.dsv
[4.169s] -- Installing: /home/racecar/racecar_ws/src/lab1c/custom_msgs/install/custom_msgs/share/ament_index/resource_index/packages/custom_msgs
[4.171s] -- Installing: /home/racecar/racecar_ws/src/lab1c/custom_msgs/install/custom_msgs/share/custom_msgs/cmake/custom_msgs__rosidl_generator_cExport.cmake
[4.172s] -- Installing: /home/racecar/racecar_ws/src/lab1c/custom_msgs/install/custom_msgs/share/custom_msgs/cmake/custom_msgs__rosidl_generator_cExport-noconfig.cmake
[4.174s] -- Installing: /home/racecar/racecar_ws/src/lab1c/custom_msgs/install/custom_msgs/share/custom_msgs/cmake/custom_msgs__rosidl_typesupport_introspection_cExport.cmake
[4.176s] -- Installing: /home/racecar/racecar_ws/src/lab1c/custom_msgs/install/custom_msgs/share/custom_msgs/cmake/custom_msgs__rosidl_typesupport_introspection_cExport-noconfig.cmake
[4.177s] -- Installing: /home/racecar/racecar_ws/src/lab1c/custom_msgs/install/custom_msgs/share/custom_msgs/cmake/custom_msgs__rosidl_typesupport_cExport.cmake
[4.179s] -- Installing: /home/racecar/racecar_ws/src/lab1c/custom_msgs/install/custom_msgs/share/custom_msgs/cmake/custom_msgs__rosidl_typesupport_cExport-noconfig.cmake
[4.181s] -- Installing: /home/racecar/racecar_ws/src/lab1c/custom_msgs/install/custom_msgs/share/custom_msgs/cmake/custom_msgs__rosidl_generator_cppExport.cmake
[4.182s] -- Installing: /home/racecar/racecar_ws/src/lab1c/custom_msgs/install/custom_msgs/share/custom_msgs/cmake/custom_msgs__rosidl_typesupport_introspection_cppExport.cmake
[4.184s] -- Installing: /home/racecar/racecar_ws/src/lab1c/custom_msgs/install/custom_msgs/share/custom_msgs/cmake/custom_msgs__rosidl_typesupport_introspection_cppExport-noconfig.cmake
[4.186s] -- Installing: /home/racecar/racecar_ws/src/lab1c/custom_msgs/install/custom_msgs/share/custom_msgs/cmake/custom_msgs__rosidl_typesupport_cppExport.cmake
[4.187s] -- Installing: /home/racecar/racecar_ws/src/lab1c/custom_msgs/install/custom_msgs/share/custom_msgs/cmake/custom_msgs__rosidl_typesupport_cppExport-noconfig.cmake
[4.189s] -- Installing: /home/racecar/racecar_ws/src/lab1c/custom_msgs/install/custom_msgs/share/custom_msgs/cmake/rosidl_cmake-extras.cmake
[4.191s] -- Installing: /home/racecar/racecar_ws/src/lab1c/custom_msgs/install/custom_msgs/share/custom_msgs/cmake/ament_cmake_export_dependencies-extras.cmake
[4.192s] -- Installing: /home/racecar/racecar_ws/src/lab1c/custom_msgs/install/custom_msgs/share/custom_msgs/cmake/ament_cmake_export_libraries-extras.cmake
[4.194s] -- Installing: /home/racecar/racecar_ws/src/lab1c/custom_msgs/install/custom_msgs/share/custom_msgs/cmake/ament_cmake_export_targets-extras.cmake
[4.196s] -- Installing: /home/racecar/racecar_ws/src/lab1c/custom_msgs/install/custom_msgs/share/custom_msgs/cmake/ament_cmake_export_include_directories-extras.cmake
[4.197s] -- Installing: /home/racecar/racecar_ws/src/lab1c/custom_msgs/install/custom_msgs/share/custom_msgs/cmake/rosidl_cmake_export_typesupport_libraries-extras.cmake
[4.199s] -- Installing: /home/racecar/racecar_ws/src/lab1c/custom_msgs/install/custom_msgs/share/custom_msgs/cmake/rosidl_cmake_export_typesupport_targets-extras.cmake
[4.200s] -- Installing: /home/racecar/racecar_ws/src/lab1c/custom_msgs/install/custom_msgs/share/custom_msgs/cmake/custom_msgsConfig.cmake
[4.202s] -- Installing: /home/racecar/racecar_ws/src/lab1c/custom_msgs/install/custom_msgs/share/custom_msgs/cmake/custom_msgsConfig-version.cmake
[4.204s] -- Installing: /home/racecar/racecar_ws/src/lab1c/custom_msgs/install/custom_msgs/share/custom_msgs/package.xml
[4.207s] Invoked command in '/home/racecar/racecar_ws/src/lab1c/custom_msgs/build/custom_msgs' returned '0': CMAKE_PREFIX_PATH=${CMAKE_PREFIX_PATH}:/opt/ros/foxy /usr/bin/cmake --install /home/racecar/racecar_ws/src/lab1c/custom_msgs/build/custom_msgs
