[0.531s] Invoking command in '/home/racecar/racecar_ws/src/ros_exercises': PYTHONPATH=/home/racecar/racecar_ws/src/ros_exercises/build/ros_exercises/prefix_override:/home/racecar/racecar_ws/src/ros_exercises/install/ros_exercises/lib/python3.8/site-packages:${PYTHONPATH} /usr/bin/python3 setup.py egg_info --egg-base build/ros_exercises build --build-base /home/racecar/racecar_ws/src/ros_exercises/build/ros_exercises/build install --record /home/racecar/racecar_ws/src/ros_exercises/build/ros_exercises/install.log --install-scripts $base/lib/ros_exercises --single-version-externally-managed
[0.620s] running egg_info
[0.621s] creating build/ros_exercises/ros_exercises.egg-info
[0.621s] writing build/ros_exercises/ros_exercises.egg-info/PKG-INFO
[0.622s] writing dependency_links to build/ros_exercises/ros_exercises.egg-info/dependency_links.txt
[0.623s] writing entry points to build/ros_exercises/ros_exercises.egg-info/entry_points.txt
[0.623s] writing requirements to build/ros_exercises/ros_exercises.egg-info/requires.txt
[0.624s] writing top-level names to build/ros_exercises/ros_exercises.egg-info/top_level.txt
[0.626s] writing manifest file 'build/ros_exercises/ros_exercises.egg-info/SOURCES.txt'
[0.644s] reading manifest file 'build/ros_exercises/ros_exercises.egg-info/SOURCES.txt'
[0.645s] writing manifest file 'build/ros_exercises/ros_exercises.egg-info/SOURCES.txt'
[0.646s] running build
[0.646s] running build_py
[0.647s] creating /home/racecar/racecar_ws/src/ros_exercises/build/ros_exercises/build
[0.648s] creating /home/racecar/racecar_ws/src/ros_exercises/build/ros_exercises/build/lib
[0.648s] creating /home/racecar/racecar_ws/src/ros_exercises/build/ros_exercises/build/lib/ros_exercises
[0.648s] copying ros_exercises/__init__.py -> /home/racecar/racecar_ws/src/ros_exercises/build/ros_exercises/build/lib/ros_exercises
[0.649s] running install
[0.649s] running install_lib
[0.650s] creating /home/racecar/racecar_ws/src/ros_exercises/install/ros_exercises/lib/python3.8/site-packages/ros_exercises
[0.650s] copying /home/racecar/racecar_ws/src/ros_exercises/build/ros_exercises/build/lib/ros_exercises/__init__.py -> /home/racecar/racecar_ws/src/ros_exercises/install/ros_exercises/lib/python3.8/site-packages/ros_exercises
[0.651s] byte-compiling /home/racecar/racecar_ws/src/ros_exercises/install/ros_exercises/lib/python3.8/site-packages/ros_exercises/__init__.py to __init__.cpython-38.pyc
[0.652s] running install_data
[0.653s] creating /home/racecar/racecar_ws/src/ros_exercises/install/ros_exercises/share/ament_index
[0.654s] creating /home/racecar/racecar_ws/src/ros_exercises/install/ros_exercises/share/ament_index/resource_index
[0.654s] creating /home/racecar/racecar_ws/src/ros_exercises/install/ros_exercises/share/ament_index/resource_index/packages
[0.654s] copying resource/ros_exercises -> /home/racecar/racecar_ws/src/ros_exercises/install/ros_exercises/share/ament_index/resource_index/packages
[0.655s] copying package.xml -> /home/racecar/racecar_ws/src/ros_exercises/install/ros_exercises/share/ros_exercises
[0.655s] running install_egg_info
[0.656s] Copying build/ros_exercises/ros_exercises.egg-info to /home/racecar/racecar_ws/src/ros_exercises/install/ros_exercises/lib/python3.8/site-packages/ros_exercises-0.0.0-py3.8.egg-info
[0.663s] running install_scripts
[0.673s] writing list of installed files to '/home/racecar/racecar_ws/src/ros_exercises/build/ros_exercises/install.log'
[0.684s] Invoked command in '/home/racecar/racecar_ws/src/ros_exercises' returned '0': PYTHONPATH=/home/racecar/racecar_ws/src/ros_exercises/build/ros_exercises/prefix_override:/home/racecar/racecar_ws/src/ros_exercises/install/ros_exercises/lib/python3.8/site-packages:${PYTHONPATH} /usr/bin/python3 setup.py egg_info --egg-base build/ros_exercises build --build-base /home/racecar/racecar_ws/src/ros_exercises/build/ros_exercises/build install --record /home/racecar/racecar_ws/src/ros_exercises/build/ros_exercises/install.log --install-scripts $base/lib/ros_exercises --single-version-externally-managed
