[0.511s] Invoking command in '/home/racecar/racecar_ws/src/ros_exercises': PYTHONPATH=/home/racecar/racecar_ws/src/ros_exercises/build/ros_exercises/prefix_override:/home/racecar/racecar_ws/src/ros_exercises/install/ros_exercises/lib/python3.8/site-packages:${PYTHONPATH} /usr/bin/python3 setup.py egg_info --egg-base build/ros_exercises build --build-base /home/racecar/racecar_ws/src/ros_exercises/build/ros_exercises/build install --record /home/racecar/racecar_ws/src/ros_exercises/build/ros_exercises/install.log --install-scripts $base/lib/ros_exercises --single-version-externally-managed
[0.601s] running egg_info
[0.602s] writing build/ros_exercises/ros_exercises.egg-info/PKG-INFO
[0.602s] writing dependency_links to build/ros_exercises/ros_exercises.egg-info/dependency_links.txt
[0.603s] writing entry points to build/ros_exercises/ros_exercises.egg-info/entry_points.txt
[0.603s] writing requirements to build/ros_exercises/ros_exercises.egg-info/requires.txt
[0.605s] writing top-level names to build/ros_exercises/ros_exercises.egg-info/top_level.txt
[0.624s] reading manifest file 'build/ros_exercises/ros_exercises.egg-info/SOURCES.txt'
[0.626s] writing manifest file 'build/ros_exercises/ros_exercises.egg-info/SOURCES.txt'
[0.626s] running build
[0.627s] running build_py
[0.627s] running install
[0.628s] running install_lib
[0.629s] running install_data
[0.629s] running install_egg_info
[0.630s] removing '/home/racecar/racecar_ws/src/ros_exercises/install/ros_exercises/lib/python3.8/site-packages/ros_exercises-0.0.0-py3.8.egg-info' (and everything under it)
[0.632s] Copying build/ros_exercises/ros_exercises.egg-info to /home/racecar/racecar_ws/src/ros_exercises/install/ros_exercises/lib/python3.8/site-packages/ros_exercises-0.0.0-py3.8.egg-info
[0.641s] running install_scripts
[0.651s] Installing simple_publisher script to /home/racecar/racecar_ws/src/ros_exercises/install/ros_exercises/lib/ros_exercises
[0.652s] writing list of installed files to '/home/racecar/racecar_ws/src/ros_exercises/build/ros_exercises/install.log'
[0.662s] Invoked command in '/home/racecar/racecar_ws/src/ros_exercises' returned '0': PYTHONPATH=/home/racecar/racecar_ws/src/ros_exercises/build/ros_exercises/prefix_override:/home/racecar/racecar_ws/src/ros_exercises/install/ros_exercises/lib/python3.8/site-packages:${PYTHONPATH} /usr/bin/python3 setup.py egg_info --egg-base build/ros_exercises build --build-base /home/racecar/racecar_ws/src/ros_exercises/build/ros_exercises/build install --record /home/racecar/racecar_ws/src/ros_exercises/build/ros_exercises/install.log --install-scripts $base/lib/ros_exercises --single-version-externally-managed
