[0.077s] Invoking command in '/home/racecar/racecar_ws/src/lab1c/custom_msgs/build/custom_msgs': CMAKE_PREFIX_PATH=${CMAKE_PREFIX_PATH}:/opt/ros/foxy /usr/bin/cmake --build /home/racecar/racecar_ws/src/lab1c/custom_msgs/build/custom_msgs -- -j8 -l8
[0.118s] [  3%] Built target custom_msgs__cpp
[0.121s] [ 12%] Built target custom_msgs__rosidl_generator_c
[0.147s] [ 41%] Built target custom_msgs__rosidl_typesupport_c
[0.148s] [ 41%] Built target custom_msgs__rosidl_typesupport_introspection_cpp
[0.149s] [ 41%] Built target custom_msgs__rosidl_typesupport_cpp
[0.150s] [ 61%] Built target custom_msgs__rosidl_typesupport_introspection_c
[0.150s] [ 61%] Built target custom_msgs__rosidl_typesupport_fastrtps_cpp
[0.171s] [ 70%] Built target custom_msgs__rosidl_typesupport_fastrtps_c
[0.183s] [ 70%] Built target custom_msgs
[0.198s] [ 74%] Built target custom_msgs__py
[0.217s] [ 80%] Built target custom_msgs__python
[0.240s] [100%] Built target custom_msgs__rosidl_typesupport_c__pyext
[0.240s] [100%] Built target custom_msgs__rosidl_typesupport_fastrtps_c__pyext
[0.241s] [100%] Built target custom_msgs__rosidl_typesupport_introspection_c__pyext
[0.250s] Invoked command in '/home/racecar/racecar_ws/src/lab1c/custom_msgs/build/custom_msgs' returned '0': CMAKE_PREFIX_PATH=${CMAKE_PREFIX_PATH}:/opt/ros/foxy /usr/bin/cmake --build /home/racecar/racecar_ws/src/lab1c/custom_msgs/build/custom_msgs -- -j8 -l8
[0.280s] Invoking command in '/home/racecar/racecar_ws/src/lab1c/custom_msgs/build/custom_msgs': CMAKE_PREFIX_PATH=${CMAKE_PREFIX_PATH}:/opt/ros/foxy /usr/bin/cmake --install /home/racecar/racecar_ws/src/lab1c/custom_msgs/build/custom_msgs
[0.285s] -- Install configuration: ""
[0.286s] -- Up-to-date: /home/racecar/racecar_ws/src/lab1c/custom_msgs/install/custom_msgs/share/ament_index/resource_index/rosidl_interfaces/custom_msgs
[0.286s] -- Up-to-date: /home/racecar/racecar_ws/src/lab1c/custom_msgs/install/custom_msgs/include/custom_msgs
[0.287s] -- Up-to-date: /home/racecar/racecar_ws/src/lab1c/custom_msgs/install/custom_msgs/include/custom_msgs/msg
[0.287s] -- Up-to-date: /home/racecar/racecar_ws/src/lab1c/custom_msgs/install/custom_msgs/include/custom_msgs/msg/open_space.h
[0.288s] -- Up-to-date: /home/racecar/racecar_ws/src/lab1c/custom_msgs/install/custom_msgs/include/custom_msgs/msg/rosidl_generator_c__visibility_control.h
[0.288s] -- Up-to-date: /home/racecar/racecar_ws/src/lab1c/custom_msgs/install/custom_msgs/include/custom_msgs/msg/detail
[0.289s] -- Up-to-date: /home/racecar/racecar_ws/src/lab1c/custom_msgs/install/custom_msgs/include/custom_msgs/msg/detail/open_space__type_support.h
[0.289s] -- Up-to-date: /home/racecar/racecar_ws/src/lab1c/custom_msgs/install/custom_msgs/include/custom_msgs/msg/detail/open_space__functions.h
[0.290s] -- Up-to-date: /home/racecar/racecar_ws/src/lab1c/custom_msgs/install/custom_msgs/include/custom_msgs/msg/detail/open_space__struct.h
[0.290s] -- Up-to-date: /home/racecar/racecar_ws/src/lab1c/custom_msgs/install/custom_msgs/include/custom_msgs/msg/detail/open_space__functions.c
[0.291s] -- Up-to-date: /home/racecar/racecar_ws/src/lab1c/custom_msgs/install/custom_msgs/share/custom_msgs/environment/library_path.sh
[0.291s] -- Up-to-date: /home/racecar/racecar_ws/src/lab1c/custom_msgs/install/custom_msgs/share/custom_msgs/environment/library_path.dsv
[0.292s] -- Up-to-date: /home/racecar/racecar_ws/src/lab1c/custom_msgs/install/custom_msgs/lib/libcustom_msgs__rosidl_generator_c.so
[0.292s] -- Up-to-date: /home/racecar/racecar_ws/src/lab1c/custom_msgs/install/custom_msgs/include/custom_msgs
[0.292s] -- Up-to-date: /home/racecar/racecar_ws/src/lab1c/custom_msgs/install/custom_msgs/include/custom_msgs/msg
[0.293s] -- Up-to-date: /home/racecar/racecar_ws/src/lab1c/custom_msgs/install/custom_msgs/include/custom_msgs/msg/detail
[0.293s] -- Up-to-date: /home/racecar/racecar_ws/src/lab1c/custom_msgs/install/custom_msgs/include/custom_msgs/msg/detail/open_space__rosidl_typesupport_fastrtps_c.h
[0.294s] -- Up-to-date: /home/racecar/racecar_ws/src/lab1c/custom_msgs/install/custom_msgs/include/custom_msgs/msg/rosidl_typesupport_fastrtps_c__visibility_control.h
[0.294s] -- Up-to-date: /home/racecar/racecar_ws/src/lab1c/custom_msgs/install/custom_msgs/lib/libcustom_msgs__rosidl_typesupport_fastrtps_c.so
[0.295s] -- Up-to-date: /home/racecar/racecar_ws/src/lab1c/custom_msgs/install/custom_msgs/include/custom_msgs
[0.295s] -- Up-to-date: /home/racecar/racecar_ws/src/lab1c/custom_msgs/install/custom_msgs/include/custom_msgs/msg
[0.295s] -- Up-to-date: /home/racecar/racecar_ws/src/lab1c/custom_msgs/install/custom_msgs/include/custom_msgs/msg/rosidl_typesupport_fastrtps_cpp__visibility_control.h
[0.296s] -- Up-to-date: /home/racecar/racecar_ws/src/lab1c/custom_msgs/install/custom_msgs/include/custom_msgs/msg/detail
[0.296s] -- Up-to-date: /home/racecar/racecar_ws/src/lab1c/custom_msgs/install/custom_msgs/include/custom_msgs/msg/detail/open_space__rosidl_typesupport_fastrtps_cpp.hpp
[0.297s] -- Up-to-date: /home/racecar/racecar_ws/src/lab1c/custom_msgs/install/custom_msgs/include/custom_msgs/msg/detail/dds_fastrtps
[0.297s] -- Up-to-date: /home/racecar/racecar_ws/src/lab1c/custom_msgs/install/custom_msgs/lib/libcustom_msgs__rosidl_typesupport_fastrtps_cpp.so
[0.298s] -- Up-to-date: /home/racecar/racecar_ws/src/lab1c/custom_msgs/install/custom_msgs/include/custom_msgs
[0.298s] -- Up-to-date: /home/racecar/racecar_ws/src/lab1c/custom_msgs/install/custom_msgs/include/custom_msgs/msg
[0.299s] -- Up-to-date: /home/racecar/racecar_ws/src/lab1c/custom_msgs/install/custom_msgs/include/custom_msgs/msg/detail
[0.299s] -- Up-to-date: /home/racecar/racecar_ws/src/lab1c/custom_msgs/install/custom_msgs/include/custom_msgs/msg/detail/open_space__rosidl_typesupport_introspection_c.h
[0.300s] -- Up-to-date: /home/racecar/racecar_ws/src/lab1c/custom_msgs/install/custom_msgs/include/custom_msgs/msg/detail/open_space__type_support.c
[0.300s] -- Up-to-date: /home/racecar/racecar_ws/src/lab1c/custom_msgs/install/custom_msgs/include/custom_msgs/msg/rosidl_typesupport_introspection_c__visibility_control.h
[0.300s] -- Up-to-date: /home/racecar/racecar_ws/src/lab1c/custom_msgs/install/custom_msgs/lib/libcustom_msgs__rosidl_typesupport_introspection_c.so
[0.301s] -- Up-to-date: /home/racecar/racecar_ws/src/lab1c/custom_msgs/install/custom_msgs/lib/libcustom_msgs__rosidl_typesupport_c.so
[0.302s] -- Up-to-date: /home/racecar/racecar_ws/src/lab1c/custom_msgs/install/custom_msgs/include/custom_msgs
[0.302s] -- Up-to-date: /home/racecar/racecar_ws/src/lab1c/custom_msgs/install/custom_msgs/include/custom_msgs/msg
[0.303s] -- Up-to-date: /home/racecar/racecar_ws/src/lab1c/custom_msgs/install/custom_msgs/include/custom_msgs/msg/detail
[0.303s] -- Up-to-date: /home/racecar/racecar_ws/src/lab1c/custom_msgs/install/custom_msgs/include/custom_msgs/msg/detail/open_space__traits.hpp
[0.304s] -- Up-to-date: /home/racecar/racecar_ws/src/lab1c/custom_msgs/install/custom_msgs/include/custom_msgs/msg/detail/open_space__struct.hpp
[0.304s] -- Up-to-date: /home/racecar/racecar_ws/src/lab1c/custom_msgs/install/custom_msgs/include/custom_msgs/msg/detail/open_space__builder.hpp
[0.305s] -- Up-to-date: /home/racecar/racecar_ws/src/lab1c/custom_msgs/install/custom_msgs/include/custom_msgs/msg/detail/open_space__type_support.hpp
[0.305s] -- Up-to-date: /home/racecar/racecar_ws/src/lab1c/custom_msgs/install/custom_msgs/include/custom_msgs/msg/rosidl_generator_cpp__visibility_control.hpp
[0.305s] -- Up-to-date: /home/racecar/racecar_ws/src/lab1c/custom_msgs/install/custom_msgs/include/custom_msgs/msg/open_space.hpp
[0.306s] -- Up-to-date: /home/racecar/racecar_ws/src/lab1c/custom_msgs/install/custom_msgs/include/custom_msgs
[0.306s] -- Up-to-date: /home/racecar/racecar_ws/src/lab1c/custom_msgs/install/custom_msgs/include/custom_msgs/msg
[0.306s] -- Up-to-date: /home/racecar/racecar_ws/src/lab1c/custom_msgs/install/custom_msgs/include/custom_msgs/msg/detail
[0.307s] -- Up-to-date: /home/racecar/racecar_ws/src/lab1c/custom_msgs/install/custom_msgs/include/custom_msgs/msg/detail/open_space__type_support.cpp
[0.307s] -- Up-to-date: /home/racecar/racecar_ws/src/lab1c/custom_msgs/install/custom_msgs/include/custom_msgs/msg/detail/open_space__rosidl_typesupport_introspection_cpp.hpp
[0.308s] -- Up-to-date: /home/racecar/racecar_ws/src/lab1c/custom_msgs/install/custom_msgs/lib/libcustom_msgs__rosidl_typesupport_introspection_cpp.so
[0.308s] -- Up-to-date: /home/racecar/racecar_ws/src/lab1c/custom_msgs/install/custom_msgs/lib/libcustom_msgs__rosidl_typesupport_cpp.so
[0.308s] -- Up-to-date: /home/racecar/racecar_ws/src/lab1c/custom_msgs/install/custom_msgs/share/custom_msgs/environment/pythonpath.sh
[0.309s] -- Up-to-date: /home/racecar/racecar_ws/src/lab1c/custom_msgs/install/custom_msgs/share/custom_msgs/environment/pythonpath.dsv
[0.309s] -- Up-to-date: /home/racecar/racecar_ws/src/lab1c/custom_msgs/install/custom_msgs/lib/python3.8/site-packages/custom_msgs/__init__.py
[0.328s] -- Up-to-date: /home/racecar/racecar_ws/src/lab1c/custom_msgs/install/custom_msgs/lib/python3.8/site-packages/custom_msgs/msg
[0.328s] -- Up-to-date: /home/racecar/racecar_ws/src/lab1c/custom_msgs/install/custom_msgs/lib/python3.8/site-packages/custom_msgs/msg/_open_space.py
[0.329s] -- Up-to-date: /home/racecar/racecar_ws/src/lab1c/custom_msgs/install/custom_msgs/lib/python3.8/site-packages/custom_msgs/msg/__init__.py
[0.329s] -- Up-to-date: /home/racecar/racecar_ws/src/lab1c/custom_msgs/install/custom_msgs/lib/python3.8/site-packages/custom_msgs/msg/_open_space_s.c
[0.330s] -- Up-to-date: /home/racecar/racecar_ws/src/lab1c/custom_msgs/install/custom_msgs/lib/python3.8/site-packages/custom_msgs/custom_msgs_s__rosidl_typesupport_fastrtps_c.cpython-38-aarch64-linux-gnu.so
[0.331s] -- Up-to-date: /home/racecar/racecar_ws/src/lab1c/custom_msgs/install/custom_msgs/lib/python3.8/site-packages/custom_msgs/custom_msgs_s__rosidl_typesupport_introspection_c.cpython-38-aarch64-linux-gnu.so
[0.332s] -- Up-to-date: /home/racecar/racecar_ws/src/lab1c/custom_msgs/install/custom_msgs/lib/python3.8/site-packages/custom_msgs/custom_msgs_s__rosidl_typesupport_c.cpython-38-aarch64-linux-gnu.so
[0.333s] -- Up-to-date: /home/racecar/racecar_ws/src/lab1c/custom_msgs/install/custom_msgs/lib/libcustom_msgs__python.so
[0.334s] -- Up-to-date: /home/racecar/racecar_ws/src/lab1c/custom_msgs/install/custom_msgs/share/custom_msgs/msg/OpenSpace.idl
[0.334s] -- Up-to-date: /home/racecar/racecar_ws/src/lab1c/custom_msgs/install/custom_msgs/share/custom_msgs/msg/OpenSpace.msg
[0.334s] -- Up-to-date: /home/racecar/racecar_ws/src/lab1c/custom_msgs/install/custom_msgs/share/ament_index/resource_index/package_run_dependencies/custom_msgs
[0.335s] -- Up-to-date: /home/racecar/racecar_ws/src/lab1c/custom_msgs/install/custom_msgs/share/ament_index/resource_index/parent_prefix_path/custom_msgs
[0.335s] -- Up-to-date: /home/racecar/racecar_ws/src/lab1c/custom_msgs/install/custom_msgs/share/custom_msgs/environment/ament_prefix_path.sh
[0.336s] -- Up-to-date: /home/racecar/racecar_ws/src/lab1c/custom_msgs/install/custom_msgs/share/custom_msgs/environment/ament_prefix_path.dsv
[0.336s] -- Up-to-date: /home/racecar/racecar_ws/src/lab1c/custom_msgs/install/custom_msgs/share/custom_msgs/environment/path.sh
[0.336s] -- Up-to-date: /home/racecar/racecar_ws/src/lab1c/custom_msgs/install/custom_msgs/share/custom_msgs/environment/path.dsv
[0.337s] -- Up-to-date: /home/racecar/racecar_ws/src/lab1c/custom_msgs/install/custom_msgs/share/custom_msgs/local_setup.bash
[0.337s] -- Up-to-date: /home/racecar/racecar_ws/src/lab1c/custom_msgs/install/custom_msgs/share/custom_msgs/local_setup.sh
[0.338s] -- Up-to-date: /home/racecar/racecar_ws/src/lab1c/custom_msgs/install/custom_msgs/share/custom_msgs/local_setup.zsh
[0.338s] -- Up-to-date: /home/racecar/racecar_ws/src/lab1c/custom_msgs/install/custom_msgs/share/custom_msgs/local_setup.dsv
[0.339s] -- Installing: /home/racecar/racecar_ws/src/lab1c/custom_msgs/install/custom_msgs/share/custom_msgs/package.dsv
[0.340s] -- Up-to-date: /home/racecar/racecar_ws/src/lab1c/custom_msgs/install/custom_msgs/share/ament_index/resource_index/packages/custom_msgs
[0.341s] -- Up-to-date: /home/racecar/racecar_ws/src/lab1c/custom_msgs/install/custom_msgs/share/custom_msgs/cmake/custom_msgs__rosidl_generator_cExport.cmake
[0.341s] -- Up-to-date: /home/racecar/racecar_ws/src/lab1c/custom_msgs/install/custom_msgs/share/custom_msgs/cmake/custom_msgs__rosidl_generator_cExport-noconfig.cmake
[0.342s] -- Up-to-date: /home/racecar/racecar_ws/src/lab1c/custom_msgs/install/custom_msgs/share/custom_msgs/cmake/custom_msgs__rosidl_typesupport_introspection_cExport.cmake
[0.342s] -- Up-to-date: /home/racecar/racecar_ws/src/lab1c/custom_msgs/install/custom_msgs/share/custom_msgs/cmake/custom_msgs__rosidl_typesupport_introspection_cExport-noconfig.cmake
[0.343s] -- Up-to-date: /home/racecar/racecar_ws/src/lab1c/custom_msgs/install/custom_msgs/share/custom_msgs/cmake/custom_msgs__rosidl_typesupport_cExport.cmake
[0.343s] -- Up-to-date: /home/racecar/racecar_ws/src/lab1c/custom_msgs/install/custom_msgs/share/custom_msgs/cmake/custom_msgs__rosidl_typesupport_cExport-noconfig.cmake
[0.344s] -- Up-to-date: /home/racecar/racecar_ws/src/lab1c/custom_msgs/install/custom_msgs/share/custom_msgs/cmake/custom_msgs__rosidl_generator_cppExport.cmake
[0.345s] -- Up-to-date: /home/racecar/racecar_ws/src/lab1c/custom_msgs/install/custom_msgs/share/custom_msgs/cmake/custom_msgs__rosidl_typesupport_introspection_cppExport.cmake
[0.345s] -- Up-to-date: /home/racecar/racecar_ws/src/lab1c/custom_msgs/install/custom_msgs/share/custom_msgs/cmake/custom_msgs__rosidl_typesupport_introspection_cppExport-noconfig.cmake
[0.346s] -- Up-to-date: /home/racecar/racecar_ws/src/lab1c/custom_msgs/install/custom_msgs/share/custom_msgs/cmake/custom_msgs__rosidl_typesupport_cppExport.cmake
[0.347s] -- Up-to-date: /home/racecar/racecar_ws/src/lab1c/custom_msgs/install/custom_msgs/share/custom_msgs/cmake/custom_msgs__rosidl_typesupport_cppExport-noconfig.cmake
[0.347s] -- Up-to-date: /home/racecar/racecar_ws/src/lab1c/custom_msgs/install/custom_msgs/share/custom_msgs/cmake/rosidl_cmake-extras.cmake
[0.348s] -- Up-to-date: /home/racecar/racecar_ws/src/lab1c/custom_msgs/install/custom_msgs/share/custom_msgs/cmake/ament_cmake_export_dependencies-extras.cmake
[0.348s] -- Up-to-date: /home/racecar/racecar_ws/src/lab1c/custom_msgs/install/custom_msgs/share/custom_msgs/cmake/ament_cmake_export_libraries-extras.cmake
[0.348s] -- Up-to-date: /home/racecar/racecar_ws/src/lab1c/custom_msgs/install/custom_msgs/share/custom_msgs/cmake/ament_cmake_export_targets-extras.cmake
[0.349s] -- Up-to-date: /home/racecar/racecar_ws/src/lab1c/custom_msgs/install/custom_msgs/share/custom_msgs/cmake/ament_cmake_export_include_directories-extras.cmake
[0.349s] -- Up-to-date: /home/racecar/racecar_ws/src/lab1c/custom_msgs/install/custom_msgs/share/custom_msgs/cmake/rosidl_cmake_export_typesupport_libraries-extras.cmake
[0.350s] -- Up-to-date: /home/racecar/racecar_ws/src/lab1c/custom_msgs/install/custom_msgs/share/custom_msgs/cmake/rosidl_cmake_export_typesupport_targets-extras.cmake
[0.350s] -- Up-to-date: /home/racecar/racecar_ws/src/lab1c/custom_msgs/install/custom_msgs/share/custom_msgs/cmake/custom_msgsConfig.cmake
[0.351s] -- Up-to-date: /home/racecar/racecar_ws/src/lab1c/custom_msgs/install/custom_msgs/share/custom_msgs/cmake/custom_msgsConfig-version.cmake
[0.351s] -- Up-to-date: /home/racecar/racecar_ws/src/lab1c/custom_msgs/install/custom_msgs/share/custom_msgs/package.xml
[0.352s] Invoked command in '/home/racecar/racecar_ws/src/lab1c/custom_msgs/build/custom_msgs' returned '0': CMAKE_PREFIX_PATH=${CMAKE_PREFIX_PATH}:/opt/ros/foxy /usr/bin/cmake --install /home/racecar/racecar_ws/src/lab1c/custom_msgs/build/custom_msgs
