[0.469s] Invoking command in '/home/racecar/racecar_ws/src/ros_exercises': PYTHONPATH=/home/racecar/racecar_ws/src/ros_exercises/build/ros_exercises/prefix_override:/home/racecar/racecar_ws/src/ros_exercises/install/ros_exercises/lib/python3.8/site-packages:${PYTHONPATH} /usr/bin/python3 setup.py egg_info --egg-base build/ros_exercises build --build-base /home/racecar/racecar_ws/src/ros_exercises/build/ros_exercises/build install --record /home/racecar/racecar_ws/src/ros_exercises/build/ros_exercises/install.log --install-scripts $base/lib/ros_exercises --single-version-externally-managed
[0.558s] running egg_info
[0.559s] writing build/ros_exercises/ros_exercises.egg-info/PKG-INFO
[0.559s] writing dependency_links to build/ros_exercises/ros_exercises.egg-info/dependency_links.txt
[0.560s] writing entry points to build/ros_exercises/ros_exercises.egg-info/entry_points.txt
[0.561s] writing requirements to build/ros_exercises/ros_exercises.egg-info/requires.txt
[0.561s] writing top-level names to build/ros_exercises/ros_exercises.egg-info/top_level.txt
[0.579s] reading manifest file 'build/ros_exercises/ros_exercises.egg-info/SOURCES.txt'
[0.581s] writing manifest file 'build/ros_exercises/ros_exercises.egg-info/SOURCES.txt'
[0.581s] running build
[0.582s] running build_py
[0.582s] running install
[0.583s] running install_lib
[0.584s] running install_data
[0.585s] running install_egg_info
[0.586s] removing '/home/racecar/racecar_ws/src/ros_exercises/install/ros_exercises/lib/python3.8/site-packages/ros_exercises-0.0.0-py3.8.egg-info' (and everything under it)
[0.587s] Copying build/ros_exercises/ros_exercises.egg-info to /home/racecar/racecar_ws/src/ros_exercises/install/ros_exercises/lib/python3.8/site-packages/ros_exercises-0.0.0-py3.8.egg-info
[0.594s] running install_scripts
[0.603s] Installing talker script to /home/racecar/racecar_ws/src/ros_exercises/install/ros_exercises/lib/ros_exercises
[0.604s] writing list of installed files to '/home/racecar/racecar_ws/src/ros_exercises/build/ros_exercises/install.log'
[0.615s] Invoked command in '/home/racecar/racecar_ws/src/ros_exercises' returned '0': PYTHONPATH=/home/racecar/racecar_ws/src/ros_exercises/build/ros_exercises/prefix_override:/home/racecar/racecar_ws/src/ros_exercises/install/ros_exercises/lib/python3.8/site-packages:${PYTHONPATH} /usr/bin/python3 setup.py egg_info --egg-base build/ros_exercises build --build-base /home/racecar/racecar_ws/src/ros_exercises/build/ros_exercises/build install --record /home/racecar/racecar_ws/src/ros_exercises/build/ros_exercises/install.log --install-scripts $base/lib/ros_exercises --single-version-externally-managed
