[0.000000] (-) TimerEvent: {}
[0.000237] (ros_exercises) JobQueued: {'identifier': 'ros_exercises', 'dependencies': OrderedDict()}
[0.000461] (ros_exercises) JobStarted: {'identifier': 'ros_exercises'}
[0.100410] (-) TimerEvent: {}
[0.202977] (-) TimerEvent: {}
[0.304163] (-) TimerEvent: {}
[0.405286] (-) TimerEvent: {}
[0.489907] (ros_exercises) Command: {'cmd': ['/usr/bin/python3', 'setup.py', 'egg_info', '--egg-base', 'build/ros_exercises', 'build', '--build-base', '/home/racecar/racecar_ws/src/ros_exercises/build/ros_exercises/build', 'install', '--record', '/home/racecar/racecar_ws/src/ros_exercises/build/ros_exercises/install.log', '--install-scripts', '$base/lib/ros_exercises', '--single-version-externally-managed'], 'cwd': '/home/racecar/racecar_ws/src/ros_exercises', 'env': {'PYTHONIOENCODING': 'utf-8', 'HOSTNAME': '213d4e7881fe', 'SHLVL': '1', 'LD_LIBRARY_PATH': '/opt/ros/foxy/opt/yaml_cpp_vendor/lib:/opt/ros/foxy/opt/rviz_ogre_vendor/lib:/opt/ros/foxy/lib/aarch64-linux-gnu:/opt/ros/foxy/lib', 'HOME': '/home/racecar', 'OLDPWD': '/home/racecar/racecar_ws/src/ros_exercises/ros_exercises', 'ROS_PYTHON_VERSION': '3', 'COLCON_PREFIX_PATH': '/home/racecar/racecar_ws/src/ros_exercises/install:/home/sim_ws/install:/home/racecar/racecar_ws/install', 'ROS_DISTRO': 'foxy', '_': '/usr/bin/colcon', 'ROS_VERSION': '2', 'TERM': 'xterm', 'ROS_LOCALHOST_ONLY': '0', 'PATH': '/opt/ros/foxy/bin:/usr/local/sbin:/usr/local/bin:/usr/sbin:/usr/bin:/sbin:/bin', 'LANG': 'en_US.UTF-8', 'AMENT_PREFIX_PATH': '/home/racecar/racecar_ws/src/ros_exercises/install/ros_exercises:/home/sim_ws/install/racecar_simulator:/opt/ros/foxy', 'SIM_WS': '/home/sim_ws', 'PWD': '/home/racecar/racecar_ws/src/ros_exercises/build/ros_exercises', 'PYTHONPATH': '/home/racecar/racecar_ws/src/ros_exercises/build/ros_exercises/prefix_override:/home/racecar/racecar_ws/src/ros_exercises/install/ros_exercises/lib/python3.8/site-packages:/home/racecar/racecar_ws/src/ros_exercises/install/ros_exercises/lib/python3.8/site-packages:/opt/ros/foxy/lib/python3.8/site-packages', 'NO_VNC_VERSION': '1.4.0', 'COLCON': '1', 'CMAKE_PREFIX_PATH': '/home/racecar/racecar_ws/src/ros_exercises/install/ros_exercises:/home/sim_ws/install/racecar_simulator'}, 'shell': False}
[0.506198] (-) TimerEvent: {}
[0.583193] (ros_exercises) StdoutLine: {'line': b'running egg_info\n'}
[0.583998] (ros_exercises) StdoutLine: {'line': b'writing build/ros_exercises/ros_exercises.egg-info/PKG-INFO\n'}
[0.584659] (ros_exercises) StdoutLine: {'line': b'writing dependency_links to build/ros_exercises/ros_exercises.egg-info/dependency_links.txt\n'}
[0.585209] (ros_exercises) StdoutLine: {'line': b'writing entry points to build/ros_exercises/ros_exercises.egg-info/entry_points.txt\n'}
[0.585787] (ros_exercises) StdoutLine: {'line': b'writing requirements to build/ros_exercises/ros_exercises.egg-info/requires.txt\n'}
[0.586342] (ros_exercises) StdoutLine: {'line': b'writing top-level names to build/ros_exercises/ros_exercises.egg-info/top_level.txt\n'}
[0.606280] (-) TimerEvent: {}
[0.609611] (ros_exercises) StdoutLine: {'line': b"reading manifest file 'build/ros_exercises/ros_exercises.egg-info/SOURCES.txt'\n"}
[0.611031] (ros_exercises) StdoutLine: {'line': b"writing manifest file 'build/ros_exercises/ros_exercises.egg-info/SOURCES.txt'\n"}
[0.611691] (ros_exercises) StdoutLine: {'line': b'running build\n'}
[0.612128] (ros_exercises) StdoutLine: {'line': b'running build_py\n'}
[0.612656] (ros_exercises) StdoutLine: {'line': b'copying ros_exercises/fake_scan_publisher.py -> /home/racecar/racecar_ws/src/ros_exercises/build/ros_exercises/build/lib/ros_exercises\n'}
[0.613555] (ros_exercises) StdoutLine: {'line': b'running install\n'}
[0.613982] (ros_exercises) StdoutLine: {'line': b'running install_lib\n'}
[0.615688] (ros_exercises) StdoutLine: {'line': b'copying /home/racecar/racecar_ws/src/ros_exercises/build/ros_exercises/build/lib/ros_exercises/fake_scan_publisher.py -> /home/racecar/racecar_ws/src/ros_exercises/install/ros_exercises/lib/python3.8/site-packages/ros_exercises\n'}
[0.618356] (ros_exercises) StdoutLine: {'line': b'byte-compiling /home/racecar/racecar_ws/src/ros_exercises/install/ros_exercises/lib/python3.8/site-packages/ros_exercises/fake_scan_publisher.py to fake_scan_publisher.cpython-38.pyc\n'}
[0.620102] (ros_exercises) StdoutLine: {'line': b'running install_data\n'}
[0.620629] (ros_exercises) StdoutLine: {'line': b'running install_egg_info\n'}
[0.621482] (ros_exercises) StdoutLine: {'line': b"removing '/home/racecar/racecar_ws/src/ros_exercises/install/ros_exercises/lib/python3.8/site-packages/ros_exercises-0.0.0-py3.8.egg-info' (and everything under it)\n"}
[0.622816] (ros_exercises) StdoutLine: {'line': b'Copying build/ros_exercises/ros_exercises.egg-info to /home/racecar/racecar_ws/src/ros_exercises/install/ros_exercises/lib/python3.8/site-packages/ros_exercises-0.0.0-py3.8.egg-info\n'}
[0.630573] (ros_exercises) StdoutLine: {'line': b'running install_scripts\n'}
[0.641085] (ros_exercises) StdoutLine: {'line': b'Installing fake_scan_publisher script to /home/racecar/racecar_ws/src/ros_exercises/install/ros_exercises/lib/ros_exercises\n'}
[0.642390] (ros_exercises) StdoutLine: {'line': b'Installing simple_publisher script to /home/racecar/racecar_ws/src/ros_exercises/install/ros_exercises/lib/ros_exercises\n'}
[0.643343] (ros_exercises) StdoutLine: {'line': b'Installing simple_subscriber script to /home/racecar/racecar_ws/src/ros_exercises/install/ros_exercises/lib/ros_exercises\n'}
[0.645227] (ros_exercises) StdoutLine: {'line': b"writing list of installed files to '/home/racecar/racecar_ws/src/ros_exercises/build/ros_exercises/install.log'\n"}
[0.656643] (ros_exercises) CommandEnded: {'returncode': 0}
[0.707609] (-) TimerEvent: {}
[0.713624] (ros_exercises) JobEnded: {'identifier': 'ros_exercises', 'rc': 0}
[0.714760] (-) EventReactorShutdown: {}
