[0.000000] (-) TimerEvent: {}
[0.000250] (ros_exercises) JobQueued: {'identifier': 'ros_exercises', 'dependencies': OrderedDict()}
[0.000474] (ros_exercises) JobStarted: {'identifier': 'ros_exercises'}
[0.101355] (-) TimerEvent: {}
[0.204075] (-) TimerEvent: {}
[0.306745] (-) TimerEvent: {}
[0.407602] (-) TimerEvent: {}
[0.504978] (ros_exercises) Command: {'cmd': ['/usr/bin/python3', 'setup.py', 'egg_info', '--egg-base', 'build/ros_exercises', 'build', '--build-base', '/home/racecar/racecar_ws/src/ros_exercises/build/ros_exercises/build', 'install', '--record', '/home/racecar/racecar_ws/src/ros_exercises/build/ros_exercises/install.log', '--install-scripts', '$base/lib/ros_exercises', '--single-version-externally-managed'], 'cwd': '/home/racecar/racecar_ws/src/ros_exercises', 'env': {'PYTHONIOENCODING': 'utf-8', 'HOSTNAME': '213d4e7881fe', 'SHLVL': '1', 'LD_LIBRARY_PATH': '/opt/ros/foxy/opt/yaml_cpp_vendor/lib:/opt/ros/foxy/opt/rviz_ogre_vendor/lib:/opt/ros/foxy/lib/aarch64-linux-gnu:/opt/ros/foxy/lib', 'HOME': '/home/racecar', 'OLDPWD': '/home/racecar/racecar_ws/src/ros_exercises/rqt', 'ROS_PYTHON_VERSION': '3', 'COLCON_PREFIX_PATH': '/home/racecar/racecar_ws/src/ros_exercises/install:/home/sim_ws/install:/home/racecar/racecar_ws/install', 'ROS_DISTRO': 'foxy', '_': '/usr/bin/colcon', 'ROS_VERSION': '2', 'TERM': 'xterm', 'ROS_LOCALHOST_ONLY': '0', 'PATH': '/opt/ros/foxy/bin:/usr/local/sbin:/usr/local/bin:/usr/sbin:/usr/bin:/sbin:/bin', 'LANG': 'en_US.UTF-8', 'AMENT_PREFIX_PATH': '/home/racecar/racecar_ws/src/ros_exercises/install/ros_exercises:/home/sim_ws/install/racecar_simulator:/opt/ros/foxy', 'SIM_WS': '/home/sim_ws', 'PWD': '/home/racecar/racecar_ws/src/ros_exercises/build/ros_exercises', 'PYTHONPATH': '/home/racecar/racecar_ws/src/ros_exercises/build/ros_exercises/prefix_override:/home/racecar/racecar_ws/src/ros_exercises/install/ros_exercises/lib/python3.8/site-packages:/home/racecar/racecar_ws/src/ros_exercises/install/ros_exercises/lib/python3.8/site-packages:/opt/ros/foxy/lib/python3.8/site-packages', 'NO_VNC_VERSION': '1.4.0', 'COLCON': '1', 'CMAKE_PREFIX_PATH': '/home/racecar/racecar_ws/src/ros_exercises/install/ros_exercises:/home/sim_ws/install/racecar_simulator'}, 'shell': False}
[0.512312] (-) TimerEvent: {}
[0.600861] (ros_exercises) StdoutLine: {'line': b'running egg_info\n'}
[0.601606] (ros_exercises) StdoutLine: {'line': b'writing build/ros_exercises/ros_exercises.egg-info/PKG-INFO\n'}
[0.602303] (ros_exercises) StdoutLine: {'line': b'writing dependency_links to build/ros_exercises/ros_exercises.egg-info/dependency_links.txt\n'}
[0.602888] (ros_exercises) StdoutLine: {'line': b'writing entry points to build/ros_exercises/ros_exercises.egg-info/entry_points.txt\n'}
[0.603453] (ros_exercises) StdoutLine: {'line': b'writing requirements to build/ros_exercises/ros_exercises.egg-info/requires.txt\n'}
[0.603939] (ros_exercises) StdoutLine: {'line': b'writing top-level names to build/ros_exercises/ros_exercises.egg-info/top_level.txt\n'}
[0.612984] (-) TimerEvent: {}
[0.624521] (ros_exercises) StdoutLine: {'line': b"reading manifest file 'build/ros_exercises/ros_exercises.egg-info/SOURCES.txt'\n"}
[0.625824] (ros_exercises) StdoutLine: {'line': b"writing manifest file 'build/ros_exercises/ros_exercises.egg-info/SOURCES.txt'\n"}
[0.626424] (ros_exercises) StdoutLine: {'line': b'running build\n'}
[0.627079] (ros_exercises) StdoutLine: {'line': b'running build_py\n'}
[0.627591] (ros_exercises) StdoutLine: {'line': b'running install\n'}
[0.627966] (ros_exercises) StdoutLine: {'line': b'running install_lib\n'}
[0.629307] (ros_exercises) StdoutLine: {'line': b'running install_data\n'}
[0.629784] (ros_exercises) StdoutLine: {'line': b'running install_egg_info\n'}
[0.630671] (ros_exercises) StdoutLine: {'line': b"removing '/home/racecar/racecar_ws/src/ros_exercises/install/ros_exercises/lib/python3.8/site-packages/ros_exercises-0.0.0-py3.8.egg-info' (and everything under it)\n"}
[0.631906] (ros_exercises) StdoutLine: {'line': b'Copying build/ros_exercises/ros_exercises.egg-info to /home/racecar/racecar_ws/src/ros_exercises/install/ros_exercises/lib/python3.8/site-packages/ros_exercises-0.0.0-py3.8.egg-info\n'}
[0.641731] (ros_exercises) StdoutLine: {'line': b'running install_scripts\n'}
[0.651236] (ros_exercises) StdoutLine: {'line': b'Installing simple_publisher script to /home/racecar/racecar_ws/src/ros_exercises/install/ros_exercises/lib/ros_exercises\n'}
[0.652362] (ros_exercises) StdoutLine: {'line': b"writing list of installed files to '/home/racecar/racecar_ws/src/ros_exercises/build/ros_exercises/install.log'\n"}
[0.662738] (ros_exercises) CommandEnded: {'returncode': 0}
[0.713982] (-) TimerEvent: {}
[0.724174] (ros_exercises) JobEnded: {'identifier': 'ros_exercises', 'rc': 0}
[0.725330] (-) EventReactorShutdown: {}
